

times in msec
 clock   self+sourced   self:  sourced script
 clock   elapsed:              other lines

000.006  000.006: --- NVIM STARTING ---
000.179  000.173: event init
000.350  000.171: early init
001.459  001.108: locale set
001.498  000.040: init first window
002.347  000.849: inits 1
002.363  000.015: window checked
002.655  000.292: parsing arguments
003.107  000.080  000.080: require('vim.shared')
003.203  000.034  000.034: require('vim._meta')
003.205  000.095  000.061: require('vim._editor')
003.206  000.209  000.035: require('vim._init_packages')
003.208  000.344: init lua interpreter
006.047  002.839: expanding arguments
006.088  000.041: inits 2
006.351  000.263: init highlight
006.352  000.001: waiting for UI
009.016  002.664: done waiting for UI
009.065  000.049: init screen for UI
009.224  000.159: init default mappings
009.237  000.013: init default autocommands
010.559  000.079  000.079: sourcing /opt/homebrew/Cellar/neovim/0.8.3/share/nvim/runtime/ftplugin.vim
010.857  000.030  000.030: sourcing /opt/homebrew/Cellar/neovim/0.8.3/share/nvim/runtime/indent.vim
013.860  000.877  000.877: require('comfy.utils.augroup')
014.289  000.427  000.427: require('comfy.utils.map')
014.515  000.224  000.224: require('comfy.utils.merge')
014.517  001.791  000.263: require('comfy.utils')
014.518  002.091  000.300: require('comfy')
014.777  000.257  000.257: require('comfy.settings')
015.204  000.247  000.247: require('comfy.lazy')
016.066  000.803  000.803: require('lazy')
016.097  000.017  000.017: require('ffi')
016.480  000.379  000.379: require('lazy.core.cache')
016.790  000.287  000.287: require('lazy.stats')
017.030  000.213  000.213: require('lazy.core.util')
017.212  000.180  000.180: require('lazy.core.config')
017.519  000.163  000.163: require('lazy.core.handler')
017.674  000.154  000.154: require('lazy.core.plugin')
017.679  000.466  000.150: require('lazy.core.loader')
018.728  000.178  000.178: require('comfy.modules.aesthetics')
018.987  000.223  000.223: require('comfy.modules.completion')
019.175  000.175  000.175: require('comfy.modules.core')
019.387  000.177  000.177: require('comfy.modules.files')
019.607  000.204  000.204: require('comfy.modules.git')
020.338  000.614  000.614: require('comfy.modules.keymapping')
020.562  000.186  000.186: require('comfy.modules.lsp')
021.338  000.319  000.319: require('comfy.modules.terminal')
021.743  000.353  000.353: require('comfy.modules.treesitter')
022.027  000.242  000.242: require('comfy.modules.util')
022.584  000.214  000.214: require('comfy.modules.ux')
023.752  000.208  000.208: require('lazy.core.handler.event')
023.754  000.573  000.365: require('lazy.core.handler.ft')
023.905  000.147  000.147: require('lazy.core.handler.cmd')
024.032  000.126  000.126: require('lazy.core.handler.keys')
024.938  000.375  000.375: sourcing /opt/homebrew/Cellar/neovim/0.8.3/share/nvim/runtime/filetype.lua
025.515  000.037  000.037: sourcing /Users/IPringle/.cache/nvim/lazy/nvim-web-devicons/plugin/nvim-web-devicons.vim
026.181  000.038  000.038: sourcing /Users/IPringle/.cache/nvim/lazy/lush.nvim/plugin/lush.vim
028.027  000.166  000.166: require('indent_blankline/utils')
028.031  001.165  000.999: require('indent_blankline')
029.011  000.858  000.858: require('indent_blankline.commands')
029.068  002.259  000.235: sourcing /Users/IPringle/.cache/nvim/lazy/indent-blankline.nvim/plugin/indent_blankline.vim
031.579  000.015  000.015: sourcing /Users/IPringle/.cache/nvim/lazy/zenbones.nvim/autoload/bones.vim
032.266  000.655  000.655: require('zenbones.util')
033.006  000.169  000.169: require('lush.math')
033.168  000.159  000.159: require('lush.vivid.rgb.convert')
033.170  000.499  000.170: require('lush.vivid.hsl.convert')
033.377  000.207  000.207: require('lush.vivid.hsl_like')
033.382  000.879  000.173: require('lush.vivid.hsl.type')
034.334  000.189  000.189: require('lush.vivid.hsluv.lib')
034.337  000.786  000.597: require('lush.vivid.hsluv.convert')
034.338  000.956  000.169: require('lush.vivid.hsluv.type')
034.341  002.070  000.236: require('lush')
034.671  000.167  000.167: require('zenbones.specs')
035.244  000.517  000.517: require('zenwritten.palette')
035.422  000.160  000.160: require('zenbones.specs.dark')
035.759  000.168  000.168: require('lush.errors')
035.762  000.327  000.159: require('lush.parser')
037.947  003.604  002.434: require('zenwritten')
038.251  000.301  000.301: require('lush.compiler')
040.242  000.227  000.227: require('zenbones.term')
040.301  009.020  002.147: sourcing /Users/IPringle/.cache/nvim/lazy/zenbones.nvim/colors/zenwritten.vim
040.443  000.101  000.101: require('indent_blankline.utils')
042.243  000.179  000.179: require('vim.lsp.log')
042.885  000.003  000.003: require('vim.F')
042.887  000.642  000.639: require('vim.lsp.protocol')
043.545  000.175  000.175: require('vim.lsp._snippet')
043.683  000.136  000.136: require('vim.highlight')
043.694  000.806  000.495: require('vim.lsp.util')
043.701  001.825  000.197: require('vim.lsp.handlers')
043.885  000.183  000.183: require('vim.lsp.rpc')
044.227  000.341  000.341: require('vim.lsp.sync')
044.396  000.166  000.166: require('vim.lsp.buf')
044.579  000.181  000.181: require('vim.lsp.diagnostic')
045.265  000.684  000.684: require('vim.lsp.codelens')
045.374  003.863  000.482: require('vim.lsp')
045.411  004.021  000.158: sourcing /Users/IPringle/.cache/nvim/lazy/nvim-lspconfig/plugin/lspconfig.lua
051.469  001.775  001.775: require('cmp.utils.api')
051.772  000.138  000.138: require('cmp.types.cmp')
052.060  000.140  000.140: require('cmp.utils.misc')
052.088  000.315  000.175: require('cmp.types.lsp')
052.218  000.129  000.129: require('cmp.types.vim')
052.219  000.749  000.167: require('cmp.types')
052.353  000.133  000.133: require('cmp.utils.highlight')
052.635  000.141  000.141: require('cmp.utils.debug')
052.639  000.285  000.143: require('cmp.utils.autocmd')
052.808  003.238  000.296: sourcing /Users/IPringle/.cache/nvim/lazy/nvim-cmp/plugin/cmp.lua
053.200  000.019  000.019: sourcing /Users/IPringle/.cache/nvim/lazy/lsp-zero.nvim/plugin/lsp-zero.vim
055.404  001.074  001.074: require('vim.filetype')
055.412  000.004  000.004: require('vim.keymap')
056.869  000.133  000.133: require('luasnip.util.types')
056.994  000.123  000.123: require('luasnip.util.ext_opts')
057.457  000.121  000.121: require('luasnip.session')
057.462  000.347  000.226: require('luasnip.util.util')
057.464  000.468  000.122: require('luasnip.extras.filetype_functions')
057.559  001.937  001.212: require('luasnip.config')
057.823  000.122  000.122: require('luasnip.session.snippet_collection')
058.186  000.250  000.250: require('luasnip.util._builtin_vars')
058.225  000.037  000.037: require('vim.inspect')
058.312  000.488  000.200: require('luasnip.util.environ')
058.454  000.141  000.141: require('luasnip.util.extend_decorator')
058.712  000.115  000.115: require('luasnip.loaders._caches')
058.840  000.127  000.127: require('luasnip.util.path')
058.847  000.393  000.150: require('luasnip.loaders')
059.059  000.208  000.208: require('luasnip.util.log')
059.068  001.506  000.155: require('luasnip')
059.081  004.906  000.386: sourcing /Users/IPringle/.cache/nvim/lazy/LuaSnip/plugin/luasnip.lua
059.233  000.019  000.019: sourcing /Users/IPringle/.cache/nvim/lazy/LuaSnip/plugin/luasnip.vim
060.594  000.568  000.568: require('neodev')
060.714  000.118  000.118: require('neodev.config')
061.016  000.123  000.123: require('neodev.util')
061.017  000.248  000.125: require('neodev.lsp')
061.400  000.382  000.382: require('lspconfig.util')
067.811  000.032  000.032: sourcing /Users/IPringle/.cache/nvim/lazy/trouble.nvim/plugin/trouble.vim
068.446  000.108  000.108: sourcing /Users/IPringle/.cache/nvim/lazy/lspsaga.nvim/plugin/lspsaga.lua
069.420  000.114  000.114: sourcing /Users/IPringle/.cache/nvim/lazy/nvim-dap/plugin/dap.lua
069.575  000.117  000.117: require('comfy.modules.lsp.zero')
069.890  000.193  000.193: require('lsp-zero.presets')
070.111  000.104  000.104: require('lsp-zero.settings')
070.114  000.222  000.118: require('lsp-zero.server')
070.117  000.541  000.126: require('lsp-zero')
070.323  000.109  000.109: require('comfy.modules.lsp.lua')
071.012  000.122  000.122: require('lsp-zero.installer')
071.220  000.104  000.104: require('mason-core.path')
071.455  000.124  000.124: require('mason-core.functional')
071.704  000.117  000.117: require('mason-core.functional.data')
071.706  000.242  000.124: require('mason-core.functional.function')
071.815  000.102  000.102: require('mason-core.functional.relation')
071.916  000.098  000.098: require('mason-core.functional.logic')
071.945  000.723  000.158: require('mason-core.platform')
072.053  000.108  000.108: require('mason.settings')
072.054  001.041  000.107: require('mason')
072.275  000.114  000.114: require('mason-core.log')
072.276  000.221  000.107: require('mason-lspconfig')
073.004  000.110  000.110: require('cmp.utils.char')
073.008  000.216  000.105: require('cmp.utils.str')
073.119  000.111  000.111: require('cmp.utils.pattern')
073.447  000.121  000.121: require('cmp.utils.buffer')
073.450  000.229  000.108: require('cmp.utils.keymap')
073.452  000.331  000.103: require('cmp.utils.feedkeys')
073.552  000.100  000.100: require('cmp.utils.async')
073.740  000.094  000.094: require('cmp.utils.cache')
073.742  000.189  000.095: require('cmp.context')
074.052  000.098  000.098: require('cmp.config.mapping')
074.266  000.117  000.117: require('cmp.config.compare')
074.267  000.213  000.096: require('cmp.config.default')
074.276  000.430  000.119: require('cmp.config')
074.536  000.129  000.129: require('cmp.matcher')
074.541  000.264  000.135: require('cmp.entry')
074.544  000.802  000.108: require('cmp.source')
074.769  000.110  000.110: require('cmp.utils.event')
075.089  000.105  000.105: require('cmp.utils.options')
075.092  000.219  000.114: require('cmp.utils.window')
075.093  000.322  000.103: require('cmp.view.docs_view')
075.234  000.141  000.141: require('cmp.view.custom_entries_view')
075.356  000.121  000.121: require('cmp.view.wildmenu_entries_view')
075.470  000.113  000.113: require('cmp.view.native_entries_view')
075.572  000.102  000.102: require('cmp.view.ghost_text_view')
075.578  001.033  000.124: require('cmp.view')
075.668  002.994  000.213: require('cmp.core')
075.817  000.104  000.104: require('cmp.config.sources')
075.919  000.101  000.101: require('cmp.config.window')
075.942  003.379  000.181: require('cmp')
075.945  003.486  000.107: require('cmp_nvim_lua')
076.055  000.108  000.108: require('comfy.modules.lsp.cmp')
076.591  000.116  000.116: require('luasnip.loaders.util')
077.200  000.123  000.123: require('luasnip.nodes.util')
077.296  000.095  000.095: require('luasnip.util.events')
077.305  000.360  000.143: require('luasnip.nodes.node')
077.427  000.122  000.122: require('luasnip.nodes.insertNode')
077.549  000.121  000.121: require('luasnip.nodes.textNode')
077.661  000.110  000.110: require('luasnip.util.mark')
077.758  000.097  000.097: require('luasnip.util.pattern_tokenizer')
077.854  000.095  000.095: require('luasnip.util.dict')
077.909  001.101  000.196: require('luasnip.nodes.snippet')
078.232  000.109  000.109: require('luasnip.util.parser.neovim_ast')
078.334  000.101  000.101: require('luasnip.util.str')
078.743  000.149  000.149: require('luasnip.util.directed_graph')
078.751  000.741  000.382: require('luasnip.util.parser.ast_utils')
078.920  000.168  000.168: require('luasnip.nodes.functionNode')
079.167  000.246  000.246: require('luasnip.nodes.choiceNode')
079.406  000.239  000.239: require('luasnip.nodes.dynamicNode')
079.552  000.145  000.145: require('luasnip.util.functions')
079.563  001.653  000.115: require('luasnip.util.parser.ast_parser')
079.795  000.231  000.231: require('luasnip.util.parser.neovim_parser')
079.799  003.101  000.116: require('luasnip.util.parser')
079.803  003.211  000.110: require('luasnip.nodes.snippetProxy')
079.945  000.133  000.133: require('luasnip.util.jsonc')
079.947  003.585  000.125: require('luasnip.loaders.from_vscode')
084.611  008.551  004.966: require('lsp-zero.snippets')
084.730  000.117  000.117: require('lsp-zero.nvim-cmp-setup')
088.904  000.182  000.182: require('vim.diagnostic')
089.252  000.108  000.108: require('mason-core.functional.list')
089.357  000.103  000.103: require('mason-core.functional.string')
089.369  000.329  000.117: require('mason.api.command')
089.470  000.099  000.099: require('mason-registry.sources')
089.702  000.095  000.095: require('mason-lspconfig.settings')
089.798  000.095  000.095: require('mason-lspconfig.lspconfig_hook')
089.990  000.087  000.087: require('mason-core.functional.table')
090.016  000.217  000.130: require('mason-lspconfig.mappings.server')
090.203  000.091  000.091: require('mason-core.EventEmitter')
090.297  000.093  000.093: require('mason-core.optional')
090.493  000.101  000.101: require('mason-core.async')
090.587  000.092  000.092: require('mason-core.async.uv')
090.590  000.292  000.099: require('mason-core.fs')
090.598  000.582  000.106: require('mason-registry')
090.692  000.092  000.092: require('mason-lspconfig.server_config_extensions')
090.791  000.098  000.098: require('lspconfig.configs')
090.888  000.096  000.096: require('lspconfig.server_configurations.omnisharp')
091.112  000.090  000.090: require('mason-core.notify')
091.204  000.091  000.091: require('mason-core.functional.number')
091.212  000.288  000.107: require('mason-lspconfig.api.command')
091.396  000.091  000.091: require('lsp-zero.utils')
091.398  000.185  000.094: require('lsp-zero.state')
091.828  000.094  000.094: require('cmp_nvim_lsp.source')
091.829  000.194  000.100: require('cmp_nvim_lsp')
092.025  000.095  000.095: require('lspconfig')
092.119  000.093  000.093: require('lspconfig.server_configurations.pylsp')
092.590  000.094  000.094: require('mason-core.result')
092.885  000.095  000.095: require('mason-core.receipt')
093.116  000.121  000.121: require('mason-core.process')
093.137  000.251  000.130: require('mason-core.spawn')
093.148  000.456  000.110: require('mason-core.installer.context')
093.246  000.096  000.096: require('mason-core.async.control')
093.345  000.099  000.099: require('mason-core.installer.linker')
093.348  000.756  000.106: require('mason-core.installer')
093.443  000.095  000.095: require('mason-core.providers')
093.451  001.053  000.108: require('mason-core.managers.pip3')
093.452  001.156  000.102: require('mason-lspconfig.server_configurations.pylsp')
093.686  000.103  000.103: require('lspconfig.server_configurations.html')
094.122  000.097  000.097: require('lspconfig.server_configurations.lua_ls')
094.447  000.098  000.098: require('lspconfig.server_configurations.emmet_ls')
094.755  000.101  000.101: require('lspconfig.server_configurations.jsonls')
095.117  000.111  000.111: require('lspconfig.server_configurations.cssls')
095.672  000.131  000.131: require('comfy.modules.lsp.typescript')
095.858  000.092  000.092: require('typescript.config')
096.308  000.088  000.088: require('typescript.types.methods')
096.399  000.089  000.089: require('typescript.utils')
096.400  000.273  000.095: require('typescript.execute-command')
096.490  000.089  000.089: require('typescript.types.workspace-commands')
096.492  000.453  000.091: require('typescript.go-to-source-definition')
096.593  000.101  000.101: require('typescript.rename-file')
096.686  000.092  000.092: require('typescript.source-actions')
096.687  000.738  000.093: require('typescript.commands')
096.780  000.092  000.092: require('typescript.handlers')
096.874  000.092  000.092: require('lspconfig.server_configurations.tsserver')
096.882  001.023  000.101: require('typescript.lsp')
096.884  001.210  000.095: require('typescript')
097.172  000.094  000.094: require('comfy.modules.lsp.null-ls')
097.549  000.102  000.102: require('null-ls.utils')
097.555  000.201  000.099: require('null-ls.config')
097.557  000.292  000.091: require('null-ls.logger')
097.558  000.386  000.094: require('null-ls.builtins')
097.845  000.105  000.105: require('null-ls.helpers.cache')
097.947  000.101  000.101: require('null-ls.helpers.diagnostics')
098.037  000.089  000.089: require('null-ls.helpers.formatter_factory')
098.231  000.095  000.095: require('null-ls.state')
098.233  000.194  000.100: require('null-ls.helpers.generator_factory')
098.430  000.093  000.093: require('null-ls.helpers.command_resolver')
098.431  000.186  000.093: require('null-ls.helpers.make_builtin')
098.522  000.090  000.090: require('null-ls.helpers.range_formatting_args_factory')
098.523  000.873  000.107: require('null-ls.helpers')
098.845  000.132  000.132: require('null-ls.methods')
098.848  000.229  000.097: require('null-ls.diagnostics')
098.851  000.327  000.099: require('null-ls.sources')
098.853  001.294  000.094: require('null-ls')
099.028  000.174  000.174: require('null-ls.builtins.code_actions.eslint')
099.134  000.104  000.104: require('null-ls.builtins.code_actions.cspell')
099.245  000.110  000.110: require('null-ls.builtins.code_actions.gitsigns')
099.365  000.118  000.118: require('null-ls.builtins.completion.luasnip')
099.475  000.109  000.109: require('null-ls.builtins.diagnostics.cspell')
099.608  000.108  000.108: require('null-ls.builtins.formatting.stylua')
099.727  000.118  000.118: require('null-ls.builtins.formatting.prettier')
100.022  000.122  000.122: require('null-ls.client')
100.141  000.110  000.110: require('mason-null-ls')
100.239  000.096  000.096: require('mason-null-ls.settings')
100.396  000.115  000.115: require('mason-null-ls.automatic_installation')
100.549  000.101  000.101: require('mason-null-ls.mappings.source')
100.655  000.093  000.093: require('mason-registry.sources.lua')
100.796  000.139  000.139: require('mason-registry.index')
101.205  000.160  000.160: require('mason-core.purl')
101.214  000.288  000.128: require('mason-core.package')
101.421  000.106  000.106: require('mason-core.managers.powershell')
101.423  000.209  000.103: require('mason-core.fetch')
101.763  000.115  000.115: require('mason-core.installer.registry.expr')
101.770  000.236  000.121: require('mason-core.installer.registry.link')
101.776  000.351  000.115: require('mason-core.installer.registry')
101.782  000.984  000.136: require('mason-registry.sources.github')
103.070  000.117  000.117: require('mason-core.functional.type')
106.088  000.107  000.107: require('mason-core.managers.github.client')
106.196  000.106  000.106: require('mason-core.managers.std')
106.198  000.347  000.134: require('mason-core.managers.github')
106.206  000.484  000.136: require('mason-registry.index.stylua')
106.412  000.104  000.104: require('mason-core.managers.npm')
106.417  000.205  000.101: require('mason-registry.index.prettier')
107.510  000.146  000.146: require('mason-null-ls.api.command')
107.616  000.105  000.105: require('comfy.modules.lsp.format')
107.751  000.100  000.100: require('comfy.modules.lsp.luasnip')
111.340  000.107  000.107: require('comfy.modules.lsp.lspsaga')
111.444  000.103  000.103: require('lspsaga')
111.543  000.092  000.092: require('lspsaga.highlight')
111.717  000.094  000.094: require('lspsaga.lspkind')
112.253  000.099  000.099: require('lspsaga.lightbulb')
112.469  000.109  000.109: require('lspsaga.libs')
112.472  000.210  000.102: require('lspsaga.symbolwinbar')
112.589  000.113  000.113: require('comfy.modules.lsp.trouble')
113.189  000.122  000.122: require('trouble.config')
113.191  000.229  000.107: require('trouble.util')
113.291  000.099  000.099: require('trouble.providers.qf')
113.392  000.100  000.100: require('trouble.providers.telescope')
113.493  000.099  000.099: require('trouble.providers.lsp')
113.593  000.099  000.099: require('trouble.providers.diagnostic')
113.595  000.736  000.109: require('trouble.providers')
113.694  000.098  000.098: require('trouble.text')
113.792  000.097  000.097: require('trouble.folds')
113.794  001.018  000.088: require('trouble.renderer')
113.799  001.117  000.099: require('trouble.view')
113.898  000.099  000.099: require('trouble.colors')
113.928  001.338  000.122: require('trouble')
114.101  000.122  000.122: require('comfy.modules.lsp.dap')
114.204  000.102  000.102: require('mason-nvim-dap')
114.305  000.099  000.099: require('mason-nvim-dap.settings')
114.436  000.102  000.102: require('mason-nvim-dap.automatic_installation')
114.707  000.102  000.102: require('dap.utils')
114.716  000.265  000.163: require('dap')
114.834  000.112  000.112: require('mason-nvim-dap.api.command')
114.938  000.103  000.103: require('mason-nvim-dap.mappings.source')
115.102  000.100  000.100: require('mason-nvim-dap.automatic_setup')
115.612  000.105  000.105: require('mason-nvim-dap.internal.overrides.func_or_extend')
115.616  000.513  000.408: require('mason-nvim-dap.mappings.adapters')
115.720  000.103  000.103: require('mason-nvim-dap.mappings.filetypes')
116.041  000.321  000.321: require('mason-nvim-dap.mappings.configurations')
116.296  000.115  000.115: require('fidget.log')
116.300  000.237  000.122: require('fidget')
116.422  000.119  000.119: require('fidget.spinners')
117.065  000.019  000.019: sourcing /Users/IPringle/.cache/nvim/lazy/plenary.nvim/plugin/plenary.vim
118.554  000.097  000.097: require('aniseed.autoload')
118.557  000.584  000.487: require('aniseed.setup')
118.765  000.113  000.113: require('aniseed.deps.nvim')
118.767  000.210  000.096: require('aniseed.nvim')
118.887  000.926  000.133: sourcing /Users/IPringle/.cache/nvim/lazy/aniseed/plugin/aniseed.vim
119.079  000.015  000.015: sourcing /Users/IPringle/.cache/nvim/lazy/aniseed/ftdetect/fennel.vim
120.438  000.107  000.107: require('nvim-treesitter.utils')
120.916  000.096  000.096: require('vim.treesitter.language')
120.920  000.206  000.110: require('vim.treesitter.query')
121.029  000.108  000.108: require('vim.treesitter.languagetree')
121.034  000.425  000.112: require('vim.treesitter')
121.126  000.687  000.261: require('nvim-treesitter.parsers')
121.529  000.090  000.090: require('nvim-treesitter.compat')
121.732  000.105  000.105: require('nvim-treesitter.ts_utils')
121.735  000.205  000.100: require('nvim-treesitter.tsrange')
121.828  000.093  000.093: require('nvim-treesitter.caching')
121.833  000.497  000.109: require('nvim-treesitter.query')
121.840  000.612  000.115: require('nvim-treesitter.configs')
121.841  000.714  000.103: require('nvim-treesitter.info')
121.943  000.102  000.102: require('nvim-treesitter.shell_command_selectors')
121.952  001.746  000.137: require('nvim-treesitter.install')
122.045  000.092  000.092: require('nvim-treesitter.statusline')
122.142  000.096  000.096: require('nvim-treesitter.query_predicates')
122.143  002.411  000.477: require('nvim-treesitter')
122.330  002.685  000.274: sourcing /Users/IPringle/.cache/nvim/lazy/nvim-treesitter/plugin/nvim-treesitter.lua
123.058  000.498  000.498: require('nvim-treesitter-textobjects')
123.315  000.102  000.102: require('nvim-treesitter.textobjects.shared')
123.317  000.210  000.107: require('nvim-treesitter.textobjects.select')
123.522  000.096  000.096: require('nvim-treesitter.textobjects.attach')
123.625  000.102  000.102: require('nvim-treesitter.textobjects.repeatable_move')
123.629  000.304  000.105: require('nvim-treesitter.textobjects.move')
123.811  000.095  000.095: require('nvim-treesitter.textobjects.swap')
123.934  000.100  000.100: require('nvim-treesitter.textobjects.lsp_interop')
123.945  001.394  000.187: sourcing /Users/IPringle/.cache/nvim/lazy/nvim-treesitter-textobjects/plugin/nvim-treesitter-textobjects.vim
124.979  000.819  000.819: require('nvim-treesitter-refactor')
125.046  000.896  000.077: sourcing /Users/IPringle/.cache/nvim/lazy/nvim-treesitter-refactor/plugin/nvim-treesitter-refactor.vim
125.781  000.516  000.516: require('ts_context_commentstring')
125.796  000.539  000.023: sourcing /Users/IPringle/.cache/nvim/lazy/nvim-ts-context-commentstring/plugin/ts_context_commentstring.vim
126.650  000.107  000.107: require('vim.treesitter.highlighter')
126.744  000.093  000.093: require('treesitter-context.cache')
126.761  000.749  000.549: require('treesitter-context')
126.763  000.758  000.009: sourcing /Users/IPringle/.cache/nvim/lazy/nvim-treesitter-context/plugin/treesitter-context.vim
127.702  000.092  000.092: require('nvim-ts-autotag._log')
127.796  000.093  000.093: require('nvim-ts-autotag.utils')
127.800  000.299  000.114: require('nvim-ts-autotag.internal')
127.801  000.808  000.509: require('nvim-ts-autotag')
127.823  000.838  000.030: sourcing /Users/IPringle/.cache/nvim/lazy/nvim-ts-autotag/plugin/nvim-ts-autotag.vim
149.893  000.174  000.174: require('nvim-treesitter.indent')
150.304  000.152  000.152: require('nvim-treesitter.locals')
150.308  000.289  000.137: require('nvim-treesitter-refactor.highlight_definitions')
150.540  000.131  000.131: require('nvim-treesitter-refactor.smart_rename')
150.736  000.135  000.135: require('nvim-treesitter-refactor.navigation')
150.910  000.136  000.136: require('nvim-treesitter.incremental_selection')
151.216  000.137  000.137: require('nvim-treesitter.highlight')
152.830  000.023  000.023: sourcing /Users/IPringle/.cache/nvim/lazy/nvim-treesitter/autoload/nvim_treesitter.vim
152.994  000.140  000.140: require('nvim-treesitter.fold')
153.665  000.547  000.547: sourcing /Users/IPringle/.cache/nvim/lazy/vim-fugitive/plugin/fugitive.vim
153.899  000.010  000.010: sourcing /Users/IPringle/.cache/nvim/lazy/vim-fugitive/ftdetect/fugitive.vim
154.263  000.140  000.140: require('gitsigns.async')
154.581  000.158  000.158: require('gitsigns.message')
154.599  000.334  000.176: require('gitsigns.config')
154.723  000.124  000.124: require('gitsigns.debug.log')
154.848  000.124  000.124: require('gitsigns.uv')
154.852  000.932  000.210: require('gitsigns')
155.957  000.567  000.567: require('smartcolumn')
157.640  000.129  000.129: require('barbecue.config.template')
157.642  000.253  000.124: require('barbecue.config')
158.193  000.403  000.403: require('nvim-web-devicons')
158.339  000.145  000.145: require('barbecue.utils')
158.343  000.700  000.152: require('barbecue.theme')
158.615  000.134  000.134: require('barbecue.ui.entry')
158.752  000.137  000.137: require('barbecue.ui.state')
159.248  000.165  000.165: require('nvim-navic.lib')
159.251  000.349  000.183: require('nvim-navic')
159.254  000.501  000.152: require('barbecue.ui.components')
159.257  000.913  000.142: require('barbecue.ui')
159.460  000.203  000.203: require('barbecue.autocmd')
159.462  002.658  000.589: require('barbecue')
161.454  000.584  000.584: require('bufdelete')
161.455  000.682  000.098: sourcing /Users/IPringle/.cache/nvim/lazy/bufdelete.nvim/plugin/bufdelete.lua
161.689  000.025  000.025: sourcing /Users/IPringle/.cache/nvim/lazy/nvim-bufdel/plugin/bufdel.vim
164.541  000.125  000.125: require('vim.ui')
164.544  000.252  000.127: require('dressing.patch')
164.546  000.852  000.600: require('dressing')
164.551  000.944  000.092: sourcing /Users/IPringle/.cache/nvim/lazy/dressing.nvim/plugin/dressing.lua
165.680  000.127  000.127: require('Comment.config')
165.989  000.172  000.172: require('Comment.ft')
165.994  000.312  000.140: require('Comment.utils')
166.120  000.125  000.125: require('Comment.opfunc')
166.253  000.132  000.132: require('Comment.extra')
166.255  001.320  000.624: require('Comment.api')
166.318  001.505  000.185: sourcing /Users/IPringle/.cache/nvim/lazy/Comment.nvim/plugin/Comment.lua
166.594  000.019  000.019: sourcing /Users/IPringle/.cache/nvim/lazy/todo-comments.nvim/plugin/todo.vim
168.479  000.328  000.328: sourcing /Users/IPringle/.cache/nvim/lazy/mkdir.nvim/plugin/mkdir.lua
169.729  000.016  000.016: sourcing /Users/IPringle/.cache/nvim/lazy/nredir.nvim/plugin/nredir.vim
172.210  000.824  000.824: sourcing /Users/IPringle/.cache/nvim/lazy/lightspeed.nvim/plugin/init.lua
175.469  000.022  000.022: sourcing /Users/IPringle/.cache/nvim/lazy/nvim-colorizer.lua/plugin/colorizer.vim
176.236  000.187  000.187: require('Comment')
178.150  000.272  000.272: require('todo-comments.util')
178.182  000.490  000.219: require('todo-comments.config')
178.907  000.527  000.527: require('todo-comments.highlight')
178.923  000.740  000.213: require('todo-comments.jump')
178.924  002.610  001.379: require('todo-comments')
179.504  000.254  000.254: require('numb.log')
179.512  000.562  000.307: require('numb')
180.636  000.265  000.265: require('nvim-surround.input')
180.748  000.110  000.110: require('nvim-surround.functional')
180.756  000.669  000.294: require('nvim-surround.config')
180.783  001.030  000.361: require('nvim-surround.buffer')
180.893  000.110  000.110: require('nvim-surround.cache')
181.007  000.112  000.112: require('nvim-surround.utils')
181.010  001.476  000.224: require('nvim-surround')
181.299  000.131  000.131: require('nvim-lastplace')
181.615  000.152  000.152: require('colorizer/nvim')
181.818  000.202  000.202: require('colorizer/trie')
181.912  000.599  000.244: require('colorizer')
182.905  000.096  000.096: require('notify.util.queue')
182.907  000.211  000.115: require('notify.util')
183.048  000.140  000.140: require('notify.config.highlights')
183.050  000.484  000.133: require('notify.config')
183.244  000.093  000.093: require('notify.stages')
183.345  000.099  000.099: require('notify.service.notification')
183.630  000.091  000.091: require('notify.animate.spring')
183.631  000.184  000.093: require('notify.animate')
183.633  000.287  000.103: require('notify.windows')
183.942  000.100  000.100: require('notify.service.buffer.highlights')
183.945  000.215  000.116: require('notify.service.buffer')
183.946  000.312  000.097: require('notify.service')
184.050  000.103  000.103: require('notify.stages.util')
184.052  001.001  000.105: require('notify.instance')
184.054  001.645  000.161: require('notify')
184.187  000.106  000.106: require('notify.stages.fade_in_slide_out')
184.318  000.117  000.117: require('comfy.modules.ux.noice')
184.521  000.100  000.100: require('noice.util.lazy')
184.524  000.205  000.106: require('noice')
184.741  000.100  000.100: require('noice.util.call')
184.743  000.214  000.113: require('noice.util')
184.982  000.109  000.109: require('noice.config')
184.984  000.239  000.130: require('noice.health')
185.091  000.099  000.099: require('comfy.modules.ux.bufferline')
185.298  000.093  000.093: require('bufferline.lazy')
185.396  000.096  000.096: require('bufferline.constants')
185.502  000.105  000.105: require('bufferline.commands')
185.507  000.414  000.120: require('bufferline')
185.626  000.118  000.118: require('bufferline.utils')
185.750  000.121  000.121: require('bufferline.config')
185.870  000.117  000.117: require('bufferline.groups')
185.978  000.098  000.098: require('bufferline.colors')
186.145  000.108  000.108: require('bufferline.highlights')
186.681  000.109  000.109: require('bufferline.hover')
186.827  000.123  000.123: require('bufferline.ui')
186.974  000.103  000.103: require('comfy.modules.ux.cinnamon')
187.078  000.103  000.103: require('cinnamon')
187.172  000.093  000.093: require('cinnamon.config')
187.268  000.094  000.094: require('cinnamon.utils')
187.599  000.101  000.101: require('comfy.modules.ux.lualine')
187.816  000.100  000.100: require('lualine_require')
188.102  000.501  000.402: require('lualine')
189.670  000.123  000.123: require('lualine.themes.zenwritten_dark_default')
193.519  000.146  000.146: require('lualine.utils.mode')
193.726  000.144  000.144: require('comfy.modules.ux.focus')
194.001  000.121  000.121: require('focus.modules.config')
194.119  000.117  000.117: require('focus.modules.commands')
194.355  000.113  000.113: require('focus.modules.utils')
194.356  000.237  000.123: require('focus.modules.autocmd')
194.472  000.115  000.115: require('focus.modules.split')
194.586  000.113  000.113: require('focus.modules.functions')
194.702  000.115  000.115: require('focus.modules.resizer')
194.704  000.976  000.160: require('focus')
198.828  000.043  000.043: sourcing /Users/IPringle/.cache/nvim/lazy/cheatsheet.nvim/plugin/cheatsheet.vim
199.058  000.016  000.016: sourcing /Users/IPringle/.cache/nvim/lazy/cheatsheet.nvim/ftdetect/cheatsheet.vim
200.694  000.260  000.260: sourcing /Users/IPringle/.cache/nvim/lazy/telescope.nvim/plugin/telescope.lua
201.496  000.156  000.156: require('comfy.modules.util.telescope')
202.493  000.188  000.188: require('telescope._extensions')
202.494  000.997  000.809: require('telescope')
203.049  000.120  000.120: require('plenary.bit')
203.153  000.102  000.102: require('plenary.functional')
203.164  000.367  000.145: require('plenary.path')
203.191  000.534  000.168: require('plenary.strings')
203.304  000.113  000.113: require('telescope.deprecated')
203.696  000.137  000.137: require('plenary.log')
203.703  000.274  000.136: require('telescope.log')
203.978  000.129  000.129: require('plenary.job')
204.109  000.130  000.130: require('telescope.state')
204.112  000.408  000.149: require('telescope.utils')
204.115  000.810  000.128: require('telescope.sorters')
204.943  002.447  000.989: require('telescope.config')
206.095  000.104  000.104: require('plenary.window.border')
206.193  000.097  000.097: require('plenary.window')
206.290  000.095  000.095: require('plenary.popup.utils')
206.292  000.412  000.117: require('plenary.popup')
206.410  000.117  000.117: require('telescope.pickers.scroller')
206.523  000.112  000.112: require('telescope.actions.state')
206.655  000.131  000.131: require('telescope.actions.utils')
206.939  000.118  000.118: require('telescope.actions.mt')
206.957  000.301  000.183: require('telescope.actions.set')
207.196  000.121  000.121: require('telescope.config.resolve')
207.198  000.240  000.118: require('telescope.pickers.entry_display')
207.319  000.120  000.120: require('telescope.from_entry')
207.396  001.690  000.257: require('telescope.actions')
207.749  000.114  000.114: require('advanced_git_search.utils')
207.760  000.243  000.129: require('advanced_git_search.utils.file')
208.080  000.182  000.182: require('telescope.make_entry')
208.752  000.107  000.107: require('plenary.tbl')
208.754  000.217  000.110: require('plenary.vararg.rotate')
208.755  000.326  000.110: require('plenary.vararg')
208.862  000.107  000.107: require('plenary.errors')
208.864  000.545  000.112: require('plenary.async.async')
209.310  000.107  000.107: require('plenary.async.structs')
209.313  000.222  000.115: require('plenary.async.control')
209.316  000.341  000.119: require('plenary.async.util')
209.317  000.451  000.111: require('plenary.async.tests')
209.318  001.110  000.114: require('plenary.async')
209.319  001.238  000.128: require('telescope.finders.async_static_finder')
209.692  000.108  000.108: require('plenary.class')
209.704  000.256  000.148: require('telescope._')
209.705  000.385  000.129: require('telescope.finders.async_oneshot_finder')
209.832  000.126  000.126: require('telescope.finders.async_job_finder')
209.835  002.074  000.142: require('telescope.finders')
210.106  000.134  000.134: require('telescope.previewers.previewer')
210.306  000.199  000.199: require('telescope.previewers.term_previewer')
210.724  000.109  000.109: require('plenary.context_manager')
210.727  000.246  000.137: require('telescope.previewers.utils')
211.810  001.081  001.081: require('plenary.filetype')
211.944  000.133  000.133: require('plenary.scandir')
211.976  001.669  000.209: require('telescope.previewers.buffer_previewer')
211.979  002.143  000.141: require('telescope.previewers')
211.981  004.583  000.123: require('advanced_git_search.git_utils')
212.290  000.129  000.129: require('telescope.debounce')
212.459  000.168  000.168: require('telescope.mappings')
212.585  000.125  000.125: require('telescope.pickers.highlights')
212.701  000.114  000.114: require('telescope.pickers.window')
212.949  000.122  000.122: require('telescope.algos.linked_list')
212.952  000.251  000.129: require('telescope.entry_manager')
213.070  000.117  000.117: require('telescope.pickers.multi')
213.077  001.095  000.192: require('telescope.pickers')
213.083  007.495  000.127: require('advanced_git_search')
213.085  007.613  000.118: require('telescope._extensions.advanced_git_search')
213.494  000.129  000.129: require('telescope._extensions.file_browser.utils')
213.512  000.301  000.172: require('telescope._extensions.file_browser.actions')
213.966  000.147  000.147: require('telescope._extensions.file_browser.git')
214.104  000.137  000.137: require('telescope._extensions.file_browser.fs_stat')
214.108  000.436  000.152: require('telescope._extensions.file_browser.make_entry')
214.152  000.640  000.204: require('telescope._extensions.file_browser.finders')
214.302  000.133  000.133: require('telescope._extensions.file_browser.picker')
214.443  000.140  000.140: require('telescope._extensions.file_browser.config')
214.446  001.359  000.145: require('telescope._extensions.file_browser')
215.048  000.396  000.396: require('fzf_lib')
215.051  000.520  000.124: require('telescope._extensions.fzf')
215.489  000.149  000.149: require('telescope.themes')
215.492  000.277  000.128: require('telescope._extensions.lazy.config')
216.150  000.197  000.197: require('telescope.builtin.__lsp')
216.171  000.408  000.211: require('telescope.builtin')
216.174  000.549  000.141: require('telescope._extensions.lazy.actions')
216.426  000.128  000.128: require('telescope._extensions.lazy.utils')
216.427  000.253  000.125: require('telescope._extensions.lazy.plugins')
223.398  007.905  007.103: require('telescope._extensions.lazy.picker')
223.400  008.319  000.137: require('telescope._extensions.lazy')
223.553  000.148  000.148: require('telescope._extensions.luasnip')
223.785  000.104  000.104: require('telescope-undo.actions')
223.787  000.230  000.126: require('telescope._extensions.undo')
223.894  000.100  000.100: require('femaco')
224.091  000.097  000.097: require('femaco.utils')
224.093  000.198  000.101: require('femaco.config')
224.907  000.015  000.015: sourcing /Users/IPringle/.cache/nvim/lazy/which-key.nvim/plugin/which-key.vim
227.864  000.135  000.135: require('legendary.vendor.middleclass')
227.972  000.107  000.107: require('legendary.util')
228.085  000.112  000.112: require('legendary.config')
228.405  000.108  000.108: require('legendary.api.cache')
228.411  000.221  000.113: require('legendary.log')
228.414  000.328  000.107: require('legendary.toolbox')
228.419  000.816  000.134: require('legendary.data.command')
228.645  000.105  000.105: require('legendary.api.luatools')
228.655  000.234  000.129: require('legendary.ui.scratchpad')
228.819  001.959  000.910: require('legendary.api.cmds')
228.954  002.218  000.259: sourcing /Users/IPringle/.cache/nvim/lazy/legendary.nvim/plugin/legendary.lua
229.107  000.114  000.114: require('comfy.modules.keymapping.legendary')
229.320  000.109  000.109: require('legendary.vendor.lazy')
229.330  000.222  000.113: require('legendary')
229.578  000.113  000.113: require('legendary.deprecate')
229.995  000.104  000.104: require('legendary.vendor.sorter')
230.001  000.214  000.111: require('legendary.data.itemlist')
230.003  000.316  000.102: require('legendary.data.state')
230.144  000.141  000.141: require('legendary.data.keymap')
230.147  000.563  000.106: require('legendary.integrations.which-key')
230.621  000.119  000.119: require('which-key.util')
230.624  000.239  000.120: require('which-key.tree')
230.746  000.121  000.121: require('which-key.config')
230.750  000.486  000.126: require('which-key.keys')
230.752  000.604  000.118: require('which-key')
230.918  000.105  000.105: require('legendary.extensions')
231.610  000.132  000.132: require('comfy.modules.keymapping.whichkey')
231.845  000.128  000.128: require('comfy.modules.keymapping.mappings')
232.216  000.106  000.106: require('mapx.util')
232.330  000.113  000.113: require('mapx.log')
232.334  000.348  000.129: require('mapx.mapper')
232.434  000.098  000.098: require('mapx.deprecated')
232.544  000.110  000.110: require('mapx.cmd')
232.563  000.716  000.160: require('mapx')
232.847  000.139  000.139: require('comfy.modules.git.keymap')
232.982  000.132  000.132: require('comfy.modules.lsp.keymap')
233.174  000.131  000.131: require('comfy.modules.terminal.keymap')
233.306  000.130  000.130: require('comfy.modules.util.keymap')
233.459  000.146  000.146: require('comfy.modules.ux.keymap')
234.139  000.202  000.202: require('which-key.mappings')
236.878  000.143  000.143: require('legendary.data.function')
236.893  000.302  000.159: require('legendary.data.itemgroup')
237.240  000.138  000.138: require('legendary.data.autocmd')
237.244  000.300  000.161: require('legendary.data.augroup')
243.000  001.004  001.004: require('flatten')
245.043  000.123  000.123: require('neo-term.utils')
245.152  000.096  000.096: require('neo-term.utils.autocmd')
245.283  000.130  000.130: require('neo-term.utils.rpc_git')
245.296  001.249  000.900: require('neo-term')
245.298  001.345  000.096: sourcing /Users/IPringle/.cache/nvim/lazy/NeoTerm.lua/plugin/neo-term.lua
245.627  000.009  000.009: sourcing /opt/homebrew/Cellar/neovim/0.8.3/share/nvim/runtime/plugin/health.vim
245.853  000.089  000.089: sourcing /opt/homebrew/Cellar/neovim/0.8.3/share/nvim/runtime/plugin/man.lua
250.598  000.099  000.099: sourcing /opt/homebrew/Cellar/neovim/0.8.3/share/nvim/runtime/pack/dist/opt/matchit/plugin/matchit.vim
250.703  004.718  004.619: sourcing /opt/homebrew/Cellar/neovim/0.8.3/share/nvim/runtime/plugin/matchit.vim
250.979  000.103  000.103: sourcing /opt/homebrew/Cellar/neovim/0.8.3/share/nvim/runtime/plugin/matchparen.vim
251.140  000.008  000.008: sourcing /opt/homebrew/Cellar/neovim/0.8.3/share/nvim/runtime/plugin/rplugin.vim
251.316  000.035  000.035: sourcing /opt/homebrew/Cellar/neovim/0.8.3/share/nvim/runtime/plugin/shada.vim
251.487  000.014  000.014: sourcing /opt/homebrew/Cellar/neovim/0.8.3/share/nvim/runtime/plugin/spellfile.vim
252.023  000.119  000.119: require('cmp_look')
252.036  000.223  000.104: sourcing /Users/IPringle/.cache/nvim/lazy/cmp-look/after/plugin/cmp_look.lua
252.463  000.113  000.113: require('cmp-spell')
252.481  000.230  000.116: sourcing /Users/IPringle/.cache/nvim/lazy/cmp-spell/after/plugin/cmp-spell.lua
252.892  000.130  000.130: require('cmp_calc')
252.899  000.223  000.093: sourcing /Users/IPringle/.cache/nvim/lazy/cmp-calc/after/plugin/cmp_calc.lua
253.353  000.149  000.149: require('cmp_nvim_lsp_document_symbol')
253.360  000.250  000.102: sourcing /Users/IPringle/.cache/nvim/lazy/cmp-nvim-lsp-document-symbol/after/plugin/cmp_nvim_lsp_document_symbol.lua
254.039  000.153  000.153: require('cmp_cmdline')
254.046  000.293  000.140: sourcing /Users/IPringle/.cache/nvim/lazy/cmp-cmdline/after/plugin/cmp_cmdline.lua
254.456  000.106  000.106: require('cmp_emoji')
254.462  000.201  000.095: sourcing /Users/IPringle/.cache/nvim/lazy/cmp-emoji/after/plugin/cmp_emoji.lua
254.900  000.104  000.104: require('cmp_nvim_lsp_signature_help')
254.907  000.195  000.091: sourcing /Users/IPringle/.cache/nvim/lazy/cmp-nvim-lsp-signature-help/after/plugin/cmp_nvim_lsp_signature_help.lua
255.165  000.088  000.088: sourcing /Users/IPringle/.cache/nvim/lazy/cmp-nvim-lua/after/plugin/cmp_nvim_lua.lua
255.754  000.100  000.100: require('cmp_luasnip')
255.778  000.212  000.112: sourcing /Users/IPringle/.cache/nvim/lazy/cmp_luasnip/after/plugin/cmp_luasnip.lua
256.197  000.141  000.141: require('cmp_path')
256.216  000.244  000.103: sourcing /Users/IPringle/.cache/nvim/lazy/cmp-path/after/plugin/cmp_path.lua
256.967  000.094  000.094: require('cmp_buffer.timer')
256.969  000.234  000.140: require('cmp_buffer.buffer')
256.971  000.373  000.138: require('cmp_buffer.source')
256.972  000.492  000.119: require('cmp_buffer')
256.978  000.584  000.092: sourcing /Users/IPringle/.cache/nvim/lazy/cmp-buffer/after/plugin/cmp_buffer.lua
257.247  000.089  000.089: sourcing /Users/IPringle/.cache/nvim/lazy/cmp-nvim-lsp/after/plugin/cmp_nvim_lsp.lua
257.280  244.913  111.425: sourcing /Users/IPringle/.config/nvim/init.lua
257.292  003.033: sourcing vimrc file(s)
258.397  000.083  000.083: sourcing /opt/homebrew/Cellar/neovim/0.8.3/share/nvim/runtime/filetype.lua
258.806  000.010  000.010: sourcing /opt/homebrew/Cellar/neovim/0.8.3/share/nvim/runtime/filetype.vim
259.408  000.043  000.043: sourcing /opt/homebrew/Cellar/neovim/0.8.3/share/nvim/runtime/syntax/synload.vim
259.496  000.442  000.399: sourcing /opt/homebrew/Cellar/neovim/0.8.3/share/nvim/runtime/syntax/syntax.vim
259.512  001.685: inits 3
261.743  002.231: reading ShaDa
264.029  000.481  000.481: require('vim.filetype.detect')
264.818  000.196  000.196: sourcing /opt/homebrew/Cellar/neovim/0.8.3/share/nvim/runtime/scripts.vim
265.284  000.170  000.170: require('luasnip.loaders.from_lua')
265.407  000.113  000.113: require('luasnip.loaders.from_snipmate')
265.467  002.764: opening buffers
265.595  000.100  000.100: require('bufferline.state')
266.203  000.635: BufEnter autocommands
266.204  000.001: editing files in windows
266.402  000.198: executing command arguments
267.294  000.660  000.660: require('noice.config.views')
267.500  000.100  000.100: require('noice.ui.msg')
267.502  000.206  000.106: require('noice.config.status')
267.618  000.115  000.115: require('noice.config.format')
267.711  000.091  000.091: require('noice.config.icons')
268.084  000.109  000.109: require('noice.config.preset')
269.126  000.114  000.114: require('noice.config.cmdline')
269.236  000.107  000.107: require('noice.config.highlights')
269.575  000.172  000.172: require('noice.config.routes')
269.842  000.106  000.106: require('noice.lsp')
269.945  000.101  000.101: require('noice.lsp.hover')
270.057  000.110  000.110: require('noice.lsp.signature')
270.164  000.097  000.097: require('noice.lsp.message')
270.259  000.091  000.091: require('noice.lsp.progress')
270.389  000.126  000.126: require('noice.lsp.override')
270.500  000.109  000.109: require('noice.util.hacks')
270.643  000.133  000.133: require('noice.commands')
270.803  000.122  000.122: require('noice.message.router')
271.065  000.123  000.123: require('nui.object')
271.074  000.259  000.137: require('noice.view')
271.298  000.127  000.127: require('noice.view.backend.notify')
271.579  000.112  000.112: require('noice.view.backend.popup')
271.727  000.147  000.147: require('noice.view.nui')
272.071  000.128  000.128: require('nui.utils')
272.073  000.251  000.122: require('noice.util.nui')
273.605  000.146  000.146: require('noice.view.backend.split')
273.860  000.124  000.124: require('nui.layout.utils')
273.863  000.250  000.126: require('nui.split.utils')
274.202  000.273  000.273: require('noice.view.backend.virtualtext')
274.524  000.131  000.131: require('noice.view.backend.mini')
274.891  000.138  000.138: require('noice.source.notify')
275.044  000.137  000.137: require('noice.ui')
275.440  000.136  000.136: require('noice.text.block')
275.597  000.118  000.118: require('noice.message.filter')
275.598  000.418  000.163: require('noice.message')
275.608  000.558  000.140: require('noice.ui.cmdline')
275.725  000.116  000.116: require('noice.ui.popupmenu')
1285.380  001.441  001.441: require('which-key.plugins')
1285.765  000.365  000.365: require('which-key.plugins.spelling')
1286.668  000.429  000.429: require('which-key.plugins.presets')
1287.024  000.350  000.350: require('which-key.plugins.presets.misc')
1310.813  000.442  000.442: require('which-key.plugins.registers')
1311.311  000.163  000.163: require('which-key.plugins.marks')
1311.852  000.178  000.178: require('which-key.colors')
1323.744  1048.757: VimEnter autocommands
1323.831  000.087: UIEnter autocommands
1325.036  000.200  000.200: sourcing /opt/homebrew/Cellar/neovim/0.8.3/share/nvim/runtime/autoload/provider/clipboard.vim
1325.072  001.041: before starting main loop
1325.318  000.189  000.189: require('noice.message.manager')
1325.488  000.160  000.160: require('noice.util.stats')
1325.734  000.155  000.155: require('noice.ui.state')
1326.201  000.150  000.150: require('bufferline.pick')
1326.351  000.147  000.147: require('bufferline.duplicates')
1326.524  000.172  000.172: require('bufferline.diagnostics')
1326.727  000.201  000.201: require('bufferline.models')
1326.730  000.840  000.170: require('bufferline.buffers')
1329.803  000.159  000.159: require('bufferline.numbers')
1330.356  000.149  000.149: require('bufferline.sorters')
1330.529  000.139  000.139: require('bufferline.tabpages')
1330.678  000.130  000.130: require('bufferline.offset')
1330.805  000.121  000.121: require('bufferline.custom_area')
1331.827  004.713: first screen update
1331.828  000.001: --- NVIM STARTED ---


times in msec
 clock   self+sourced   self:  sourced script
 clock   elapsed:              other lines

000.007  000.007: --- NVIM STARTING ---
000.195  000.188: event init
000.379  000.183: early init
001.834  001.456: locale set
001.889  000.055: init first window
002.588  000.698: inits 1
002.602  000.014: window checked
002.604  000.003: parsing arguments
003.052  000.074  000.074: require('vim.shared')
003.148  000.033  000.033: require('vim._meta')
003.149  000.095  000.062: require('vim._editor')
003.151  000.204  000.035: require('vim._init_packages')
003.153  000.345: init lua interpreter
006.141  002.988: expanding arguments
006.217  000.076: inits 2
006.514  000.298: init highlight
006.516  000.001: waiting for UI
009.257  002.742: done waiting for UI
009.289  000.032: init screen for UI
009.419  000.130: init default mappings
009.431  000.012: init default autocommands
010.525  000.060  000.060: sourcing /opt/homebrew/Cellar/neovim/0.8.3/share/nvim/runtime/ftplugin.vim
010.800  000.020  000.020: sourcing /opt/homebrew/Cellar/neovim/0.8.3/share/nvim/runtime/indent.vim
012.126  000.210  000.210: require('comfy.utils.augroup')
012.840  000.713  000.713: require('comfy.utils.map')
013.060  000.218  000.218: require('comfy.utils.merge')
013.061  001.356  000.216: require('comfy.utils')
013.062  001.667  000.311: require('comfy')
013.413  000.350  000.350: require('comfy.settings')
013.825  000.255  000.255: require('comfy.lazy')
014.912  000.927  000.927: require('lazy')
014.941  000.014  000.014: require('ffi')
015.396  000.450  000.450: require('lazy.core.cache')
015.719  000.299  000.299: require('lazy.stats')
015.991  000.242  000.242: require('lazy.core.util')
016.150  000.157  000.157: require('lazy.core.config')
016.508  000.183  000.183: require('lazy.core.handler')
016.668  000.159  000.159: require('lazy.core.plugin')
016.672  000.521  000.179: require('lazy.core.loader')
017.911  000.395  000.395: require('comfy.modules.aesthetics')
018.130  000.204  000.204: require('comfy.modules.completion')
018.320  000.177  000.177: require('comfy.modules.core')
018.770  000.424  000.424: require('comfy.modules.files')
018.951  000.167  000.167: require('comfy.modules.git')
019.155  000.196  000.196: require('comfy.modules.keymapping')
019.688  000.519  000.519: require('comfy.modules.lsp')
020.144  000.255  000.255: require('comfy.modules.terminal')
020.411  000.247  000.247: require('comfy.modules.treesitter')
020.603  000.153  000.153: require('comfy.modules.util')
021.078  000.451  000.451: require('comfy.modules.ux')
022.554  000.196  000.196: require('lazy.core.handler.event')
022.754  000.196  000.196: require('lazy.core.handler.keys')
022.953  000.196  000.196: require('lazy.core.handler.ft')
023.108  000.152  000.152: require('lazy.core.handler.cmd')
024.108  000.360  000.360: sourcing /opt/homebrew/Cellar/neovim/0.8.3/share/nvim/runtime/filetype.lua
024.764  000.044  000.044: sourcing /Users/IPringle/.cache/nvim/lazy/nvim-web-devicons/plugin/nvim-web-devicons.vim
025.444  000.041  000.041: sourcing /Users/IPringle/.cache/nvim/lazy/lush.nvim/plugin/lush.vim
027.235  000.165  000.165: require('indent_blankline/utils')
027.238  001.059  000.894: require('indent_blankline')
027.722  000.383  000.383: require('indent_blankline.commands')
027.774  001.652  000.209: sourcing /Users/IPringle/.cache/nvim/lazy/indent-blankline.nvim/plugin/indent_blankline.vim
029.893  000.015  000.015: sourcing /Users/IPringle/.cache/nvim/lazy/zenbones.nvim/autoload/bones.vim
030.441  000.515  000.515: require('zenbones.util')
031.311  000.150  000.150: require('lush.math')
031.464  000.151  000.151: require('lush.vivid.rgb.convert')
031.466  000.477  000.176: require('lush.vivid.hsl.convert')
031.662  000.195  000.195: require('lush.vivid.hsl_like')
031.666  001.020  000.348: require('lush.vivid.hsl.type')
032.156  000.174  000.174: require('lush.vivid.hsluv.lib')
032.159  000.345  000.171: require('lush.vivid.hsluv.convert')
032.161  000.494  000.148: require('lush.vivid.hsluv.type')
032.164  001.719  000.205: require('lush')
032.478  000.172  000.172: require('zenbones.specs')
033.242  000.715  000.715: require('zenwritten.palette')
033.453  000.202  000.202: require('zenbones.specs.dark')
033.755  000.135  000.135: require('lush.errors')
033.759  000.292  000.157: require('lush.parser')
035.909  003.744  002.364: require('zenwritten')
036.311  000.398  000.398: require('lush.compiler')
038.732  000.197  000.197: require('zenbones.term')
038.801  009.202  002.614: sourcing /Users/IPringle/.cache/nvim/lazy/zenbones.nvim/colors/zenwritten.vim
038.958  000.128  000.128: require('indent_blankline.utils')
040.105  000.714  000.714: require('smartcolumn')
041.628  000.153  000.153: require('barbecue.config.template')
041.631  000.328  000.175: require('barbecue.config')
042.716  000.003  000.003: require('vim.F')
042.742  000.943  000.940: require('nvim-web-devicons')
042.910  000.167  000.167: require('barbecue.utils')
042.912  001.280  000.171: require('barbecue.theme')
043.204  000.155  000.155: require('barbecue.ui.entry')
043.565  000.360  000.360: require('barbecue.ui.state')
044.315  000.396  000.396: require('nvim-navic.lib')
044.317  000.567  000.172: require('nvim-navic')
044.319  000.752  000.185: require('barbecue.ui.components')
044.322  001.408  000.141: require('barbecue.ui')
044.466  000.143  000.143: require('barbecue.autocmd')
044.468  003.871  000.712: require('barbecue')
046.182  000.482  000.482: require('bufdelete')
046.184  000.643  000.161: sourcing /Users/IPringle/.cache/nvim/lazy/bufdelete.nvim/plugin/bufdelete.lua
046.526  000.030  000.030: sourcing /Users/IPringle/.cache/nvim/lazy/nvim-bufdel/plugin/bufdel.vim
049.320  000.677  000.677: require('vim.ui')
049.324  000.809  000.132: require('dressing.patch')
049.325  001.413  000.604: require('dressing')
049.331  001.528  000.116: sourcing /Users/IPringle/.cache/nvim/lazy/dressing.nvim/plugin/dressing.lua
049.776  000.006  000.006: require('vim.keymap')
050.402  000.144  000.144: require('Comment.config')
050.764  000.190  000.190: require('Comment.ft')
050.773  000.369  000.179: require('Comment.utils')
050.917  000.143  000.143: require('Comment.opfunc')
051.055  000.137  000.137: require('Comment.extra')
051.059  001.281  000.488: require('Comment.api')
051.146  001.546  000.258: sourcing /Users/IPringle/.cache/nvim/lazy/Comment.nvim/plugin/Comment.lua
051.435  000.017  000.017: sourcing /Users/IPringle/.cache/nvim/lazy/todo-comments.nvim/plugin/todo.vim
052.614  000.143  000.143: sourcing /Users/IPringle/.cache/nvim/lazy/mkdir.nvim/plugin/mkdir.lua
053.364  000.014  000.014: sourcing /Users/IPringle/.cache/nvim/lazy/nredir.nvim/plugin/nredir.vim
054.760  000.657  000.657: sourcing /Users/IPringle/.cache/nvim/lazy/lightspeed.nvim/plugin/init.lua
055.254  000.021  000.021: sourcing /Users/IPringle/.cache/nvim/lazy/nvim-colorizer.lua/plugin/colorizer.vim
055.680  000.148  000.148: require('Comment')
057.665  000.204  000.204: require('todo-comments.util')
057.683  000.367  000.162: require('todo-comments.config')
058.165  000.310  000.310: require('todo-comments.highlight')
058.179  000.496  000.185: require('todo-comments.jump')
058.181  002.465  001.603: require('todo-comments')
058.671  000.226  000.226: require('numb.log')
058.677  000.476  000.250: require('numb')
059.473  000.117  000.117: require('nvim-surround.input')
059.590  000.116  000.116: require('nvim-surround.functional')
059.599  000.396  000.163: require('nvim-surround.config')
059.601  000.729  000.333: require('nvim-surround.buffer')
059.717  000.115  000.115: require('nvim-surround.cache')
059.839  000.120  000.120: require('nvim-surround.utils')
059.843  001.149  000.185: require('nvim-surround')
060.318  000.133  000.133: require('nvim-lastplace')
060.614  000.138  000.138: require('colorizer/nvim')
060.812  000.197  000.197: require('colorizer/trie')
060.895  000.568  000.233: require('colorizer')
061.919  000.122  000.122: require('notify.util.queue')
061.921  000.252  000.130: require('notify.util')
062.086  000.164  000.164: require('notify.config.highlights')
062.088  000.554  000.138: require('notify.config')
062.355  000.115  000.115: require('notify.stages')
062.501  000.143  000.143: require('notify.service.notification')
062.863  000.105  000.105: require('notify.animate.spring')
062.864  000.230  000.125: require('notify.animate')
062.867  000.364  000.135: require('notify.windows')
063.198  000.110  000.110: require('notify.service.buffer.highlights')
063.200  000.225  000.115: require('notify.service.buffer')
063.201  000.334  000.109: require('notify.service')
063.312  000.110  000.110: require('notify.stages.util')
063.313  001.197  000.130: require('notify.instance')
063.316  001.920  000.169: require('notify')
063.493  000.109  000.109: require('notify.stages.fade_in_slide_out')
063.629  000.124  000.124: require('comfy.modules.ux.noice')
063.840  000.104  000.104: require('noice.util.lazy')
063.843  000.213  000.109: require('noice')
064.077  000.110  000.110: require('noice.util.call')
064.080  000.232  000.123: require('noice.util')
064.321  000.118  000.118: require('noice.config')
064.323  000.242  000.123: require('noice.health')
064.439  000.107  000.107: require('comfy.modules.ux.bufferline')
064.664  000.103  000.103: require('bufferline.lazy')
064.772  000.105  000.105: require('bufferline.constants')
064.897  000.123  000.123: require('bufferline.commands')
064.903  000.463  000.130: require('bufferline')
065.046  000.142  000.142: require('bufferline.utils')
065.178  000.130  000.130: require('bufferline.config')
065.352  000.151  000.151: require('bufferline.groups')
065.472  000.109  000.109: require('bufferline.colors')
065.676  000.121  000.121: require('bufferline.highlights')
066.284  000.127  000.127: require('bufferline.hover')
066.490  000.178  000.178: require('bufferline.ui')
066.630  000.114  000.114: require('comfy.modules.ux.cinnamon')
066.756  000.124  000.124: require('cinnamon')
066.868  000.111  000.111: require('cinnamon.config')
066.986  000.117  000.117: require('cinnamon.utils')
067.341  000.116  000.116: require('comfy.modules.ux.lualine')
067.617  000.136  000.136: require('lualine_require')
067.949  000.607  000.470: require('lualine')
069.039  000.131  000.131: require('lualine.themes.zenwritten_dark_default')
070.856  000.127  000.127: require('lualine.utils.mode')
073.014  000.150  000.150: require('comfy.modules.ux.focus')
073.374  000.189  000.189: require('focus.modules.config')
073.538  000.163  000.163: require('focus.modules.commands')
073.819  000.143  000.143: require('focus.modules.utils')
073.820  000.281  000.138: require('focus.modules.autocmd')
073.950  000.129  000.129: require('focus.modules.split')
074.055  000.103  000.103: require('focus.modules.functions')
074.159  000.104  000.104: require('focus.modules.resizer')
074.162  001.146  000.177: require('focus')
075.283  000.104  000.104: require('nvim-treesitter.utils')
075.753  000.096  000.096: require('vim.treesitter.language')
075.758  000.206  000.111: require('vim.treesitter.query')
075.866  000.107  000.107: require('vim.treesitter.languagetree')
075.885  000.435  000.122: require('vim.treesitter')
075.955  000.671  000.236: require('nvim-treesitter.parsers')
076.360  000.094  000.094: require('nvim-treesitter.compat')
076.643  000.105  000.105: require('nvim-treesitter.ts_utils')
076.646  000.285  000.180: require('nvim-treesitter.tsrange')
076.737  000.091  000.091: require('nvim-treesitter.caching')
076.743  000.577  000.108: require('nvim-treesitter.query')
076.750  000.693  000.116: require('nvim-treesitter.configs')
076.752  000.796  000.103: require('nvim-treesitter.info')
076.859  000.107  000.107: require('nvim-treesitter.shell_command_selectors')
076.870  001.814  000.136: require('nvim-treesitter.install')
076.966  000.095  000.095: require('nvim-treesitter.statusline')
077.065  000.098  000.098: require('nvim-treesitter.query_predicates')
077.067  002.494  000.487: require('nvim-treesitter')
077.184  002.715  000.221: sourcing /Users/IPringle/.cache/nvim/lazy/nvim-treesitter/plugin/nvim-treesitter.lua
078.139  000.480  000.480: require('nvim-treesitter-textobjects')
078.399  000.107  000.107: require('nvim-treesitter.textobjects.shared')
078.420  000.237  000.130: require('nvim-treesitter.textobjects.select')
078.648  000.114  000.114: require('nvim-treesitter.textobjects.attach')
078.753  000.104  000.104: require('nvim-treesitter.textobjects.repeatable_move')
078.756  000.328  000.110: require('nvim-treesitter.textobjects.move')
078.921  000.096  000.096: require('nvim-treesitter.textobjects.swap')
079.031  000.098  000.098: require('nvim-treesitter.textobjects.lsp_interop')
079.038  001.390  000.151: sourcing /Users/IPringle/.cache/nvim/lazy/nvim-treesitter-textobjects/plugin/nvim-treesitter-textobjects.vim
079.712  000.454  000.454: require('nvim-treesitter-refactor')
079.771  000.521  000.067: sourcing /Users/IPringle/.cache/nvim/lazy/nvim-treesitter-refactor/plugin/nvim-treesitter-refactor.vim
080.433  000.444  000.444: require('ts_context_commentstring')
080.463  000.483  000.039: sourcing /Users/IPringle/.cache/nvim/lazy/nvim-ts-context-commentstring/plugin/ts_context_commentstring.vim
081.253  000.110  000.110: require('vim.treesitter.highlighter')
081.349  000.095  000.095: require('treesitter-context.cache')
081.370  000.691  000.486: require('treesitter-context')
081.371  000.700  000.010: sourcing /Users/IPringle/.cache/nvim/lazy/nvim-treesitter-context/plugin/treesitter-context.vim
082.280  000.104  000.104: require('nvim-ts-autotag._log')
082.378  000.097  000.097: require('nvim-ts-autotag.utils')
082.383  000.320  000.119: require('nvim-ts-autotag.internal')
082.384  000.793  000.473: require('nvim-ts-autotag')
082.408  000.825  000.033: sourcing /Users/IPringle/.cache/nvim/lazy/nvim-ts-autotag/plugin/nvim-ts-autotag.vim
098.364  000.162  000.162: require('nvim-treesitter.locals')
098.367  000.410  000.249: require('nvim-treesitter-refactor.navigation')
098.590  000.209  000.209: require('nvim-treesitter-refactor.highlight_definitions')
098.730  000.114  000.114: require('nvim-treesitter-refactor.smart_rename')
098.944  000.173  000.173: require('nvim-treesitter.indent')
099.133  000.125  000.125: require('nvim-treesitter.highlight')
099.303  000.135  000.135: require('nvim-treesitter.incremental_selection')
100.228  000.479  000.479: require('flatten')
100.832  000.023  000.023: sourcing /Users/IPringle/.cache/nvim/lazy/nvim-treesitter/autoload/nvim_treesitter.vim
101.006  000.154  000.154: require('nvim-treesitter.fold')
101.640  000.120  000.120: require('neo-term.utils')
101.760  000.118  000.118: require('neo-term.utils.autocmd')
101.880  000.119  000.119: require('neo-term.utils.rpc_git')
101.886  000.646  000.289: require('neo-term')
101.888  000.760  000.114: sourcing /Users/IPringle/.cache/nvim/lazy/NeoTerm.lua/plugin/neo-term.lua
102.490  000.010  000.010: sourcing /Users/IPringle/.cache/nvim/lazy/which-key.nvim/plugin/which-key.vim
104.629  000.146  000.146: require('legendary.vendor.middleclass')
104.748  000.118  000.118: require('legendary.util')
104.875  000.126  000.126: require('legendary.config')
105.312  000.142  000.142: require('legendary.api.cache')
105.320  000.325  000.183: require('legendary.log')
105.322  000.446  000.121: require('legendary.toolbox')
105.384  001.038  000.202: require('legendary.data.command')
105.940  000.126  000.126: require('legendary.api.luatools')
105.943  000.556  000.430: require('legendary.ui.scratchpad')
106.041  002.346  000.751: require('legendary.api.cmds')
106.230  002.655  000.309: sourcing /Users/IPringle/.cache/nvim/lazy/legendary.nvim/plugin/legendary.lua
106.411  000.156  000.156: require('comfy.modules.keymapping.legendary')
106.655  000.122  000.122: require('legendary.vendor.lazy')
106.662  000.250  000.128: require('legendary')
106.885  000.126  000.126: require('legendary.deprecate')
107.382  000.121  000.121: require('legendary.vendor.sorter')
107.404  000.269  000.148: require('legendary.data.itemlist')
107.406  000.387  000.118: require('legendary.data.state')
107.564  000.158  000.158: require('legendary.data.keymap')
107.567  000.680  000.136: require('legendary.integrations.which-key')
108.338  000.134  000.134: require('which-key.util')
108.358  000.283  000.149: require('which-key.tree')
108.526  000.167  000.167: require('which-key.config')
108.531  000.595  000.144: require('which-key.keys')
108.535  000.967  000.373: require('which-key')
108.702  000.145  000.145: require('legendary.extensions')
109.989  000.412  000.412: require('comfy.modules.keymapping.whichkey')
110.740  000.192  000.192: require('comfy.modules.keymapping.mappings')
111.046  000.100  000.100: require('mapx.util')
111.140  000.093  000.093: require('mapx.log')
111.143  000.296  000.103: require('mapx.mapper')
111.236  000.092  000.092: require('mapx.deprecated')
111.334  000.097  000.097: require('mapx.cmd')
111.348  000.607  000.122: require('mapx')
111.610  000.126  000.126: require('comfy.modules.git.keymap')
111.803  000.191  000.191: require('comfy.modules.lsp.keymap')
112.320  000.489  000.489: require('comfy.modules.terminal.keymap')
112.463  000.141  000.141: require('comfy.modules.util.keymap')
112.639  000.127  000.127: require('comfy.modules.ux.keymap')
113.301  000.152  000.152: require('which-key.mappings')
115.264  000.157  000.157: require('legendary.data.function')
115.307  000.323  000.166: require('legendary.data.itemgroup')
115.662  000.187  000.187: require('legendary.data.autocmd')
115.666  000.303  000.116: require('legendary.data.augroup')
118.237  000.024  000.024: sourcing /Users/IPringle/.cache/nvim/lazy/plenary.nvim/plugin/plenary.vim
120.095  000.144  000.144: require('aniseed.autoload')
120.097  000.943  000.799: require('aniseed.setup')
120.445  000.022  000.022: require('vim.inspect')
120.450  000.186  000.165: require('aniseed.deps.nvim')
120.451  000.353  000.167: require('aniseed.nvim')
120.562  001.419  000.124: sourcing /Users/IPringle/.cache/nvim/lazy/aniseed/plugin/aniseed.vim
120.791  000.018  000.018: sourcing /Users/IPringle/.cache/nvim/lazy/aniseed/ftdetect/fennel.vim
122.474  000.578  000.578: sourcing /Users/IPringle/.cache/nvim/lazy/vim-fugitive/plugin/fugitive.vim
122.701  000.009  000.009: sourcing /Users/IPringle/.cache/nvim/lazy/vim-fugitive/ftdetect/fugitive.vim
123.640  000.121  000.121: require('gitsigns.async')
123.998  000.148  000.148: require('gitsigns.message')
124.006  000.365  000.218: require('gitsigns.config')
124.149  000.142  000.142: require('gitsigns.debug.log')
124.301  000.150  000.150: require('gitsigns.uv')
124.304  001.581  000.802: require('gitsigns')
125.388  000.038  000.038: sourcing /Users/IPringle/.cache/nvim/lazy/trouble.nvim/plugin/trouble.vim
126.595  000.157  000.157: require('trouble.config')
126.597  000.274  000.117: require('trouble.util')
126.702  000.104  000.104: require('trouble.providers.qf')
126.807  000.104  000.104: require('trouble.providers.telescope')
127.342  000.157  000.157: require('vim.lsp.log')
127.634  000.291  000.291: require('vim.lsp.protocol')
127.971  000.138  000.138: require('vim.lsp._snippet')
128.086  000.114  000.114: require('vim.highlight')
128.094  000.459  000.208: require('vim.lsp.util')
128.106  001.039  000.131: require('vim.lsp.handlers')
128.243  000.136  000.136: require('vim.lsp.rpc')
128.351  000.107  000.107: require('vim.lsp.sync')
128.483  000.130  000.130: require('vim.lsp.buf')
128.587  000.104  000.104: require('vim.lsp.diagnostic')
128.698  000.110  000.110: require('vim.lsp.codelens')
128.779  001.870  000.245: require('vim.lsp')
128.781  001.972  000.102: require('trouble.providers.lsp')
128.890  000.108  000.108: require('trouble.providers.diagnostic')
128.892  002.682  000.119: require('trouble.providers')
128.993  000.101  000.101: require('trouble.text')
129.091  000.097  000.097: require('trouble.folds')
129.092  003.010  000.130: require('trouble.renderer')
129.100  003.578  000.567: require('trouble.view')
129.199  000.098  000.098: require('trouble.colors')
129.405  000.178  000.178: require('vim.diagnostic')
129.424  005.027  001.135: require('trouble')
132.313  000.042  000.042: sourcing /Users/IPringle/.cache/nvim/lazy/cheatsheet.nvim/plugin/cheatsheet.vim
132.526  000.015  000.015: sourcing /Users/IPringle/.cache/nvim/lazy/cheatsheet.nvim/ftdetect/cheatsheet.vim
133.666  000.196  000.196: sourcing /Users/IPringle/.cache/nvim/lazy/telescope.nvim/plugin/telescope.lua
134.182  000.128  000.128: require('comfy.modules.util.telescope')
135.721  000.185  000.185: require('telescope._extensions')
135.724  001.541  001.356: require('telescope')
136.425  000.178  000.178: require('plenary.bit')
136.566  000.139  000.139: require('plenary.functional')
136.584  000.521  000.205: require('plenary.path')
136.591  000.681  000.160: require('plenary.strings')
136.734  000.143  000.143: require('telescope.deprecated')
137.242  000.202  000.202: require('plenary.log')
137.278  000.384  000.183: require('telescope.log')
137.620  000.176  000.176: require('plenary.job')
137.760  000.139  000.139: require('telescope.state')
137.766  000.487  000.173: require('telescope.utils')
137.771  001.035  000.163: require('telescope.sorters')
138.723  002.996  001.137: require('telescope.config')
140.271  000.191  000.191: require('plenary.window.border')
140.440  000.167  000.167: require('plenary.window')
140.555  000.114  000.114: require('plenary.popup.utils')
140.558  000.662  000.191: require('plenary.popup')
140.712  000.152  000.152: require('telescope.pickers.scroller')
140.855  000.142  000.142: require('telescope.actions.state')
141.001  000.145  000.145: require('telescope.actions.utils')
141.512  000.371  000.371: require('telescope.actions.mt')
141.554  000.552  000.181: require('telescope.actions.set')
142.120  000.353  000.353: require('telescope.config.resolve')
142.124  000.569  000.217: require('telescope.pickers.entry_display')
142.468  000.343  000.343: require('telescope.from_entry')
142.943  003.305  000.738: require('telescope.actions')
143.350  000.108  000.108: require('advanced_git_search.utils')
143.362  000.233  000.125: require('advanced_git_search.utils.file')
143.656  000.168  000.168: require('telescope.make_entry')
144.313  000.103  000.103: require('plenary.tbl')
144.315  000.206  000.104: require('plenary.vararg.rotate')
144.316  000.306  000.099: require('plenary.vararg')
144.423  000.106  000.106: require('plenary.errors')
144.425  000.517  000.106: require('plenary.async.async')
144.844  000.102  000.102: require('plenary.async.structs')
144.848  000.209  000.107: require('plenary.async.control')
144.851  000.321  000.112: require('plenary.async.util')
144.852  000.425  000.104: require('plenary.async.tests')
144.853  001.051  000.108: require('plenary.async')
144.854  001.197  000.146: require('telescope.finders.async_static_finder')
145.201  000.100  000.100: require('plenary.class')
145.208  000.233  000.133: require('telescope._')
145.209  000.354  000.121: require('telescope.finders.async_oneshot_finder')
145.330  000.120  000.120: require('telescope.finders.async_job_finder')
145.333  001.969  000.130: require('telescope.finders')
145.568  000.115  000.115: require('telescope.previewers.previewer')
145.754  000.185  000.185: require('telescope.previewers.term_previewer')
146.120  000.094  000.094: require('plenary.context_manager')
146.123  000.214  000.120: require('telescope.previewers.utils')
146.990  000.866  000.866: require('plenary.filetype')
147.114  000.123  000.123: require('plenary.scandir')
147.154  001.399  000.197: require('telescope.previewers.buffer_previewer')
147.156  001.823  000.124: require('telescope.previewers')
147.158  004.215  000.189: require('advanced_git_search.git_utils')
147.445  000.118  000.118: require('telescope.debounce')
147.582  000.136  000.136: require('telescope.mappings')
147.699  000.117  000.117: require('telescope.pickers.highlights')
147.822  000.121  000.121: require('telescope.pickers.window')
148.057  000.116  000.116: require('telescope.algos.linked_list')
148.059  000.236  000.121: require('telescope.entry_manager')
148.172  000.112  000.112: require('telescope.pickers.multi')
148.178  001.019  000.179: require('telescope.pickers')
148.181  008.685  000.147: require('advanced_git_search')
148.182  008.824  000.139: require('telescope._extensions.advanced_git_search')
148.602  000.119  000.119: require('telescope._extensions.file_browser.utils')
148.637  000.292  000.173: require('telescope._extensions.file_browser.actions')
149.022  000.146  000.146: require('telescope._extensions.file_browser.git')
149.141  000.117  000.117: require('telescope._extensions.file_browser.fs_stat')
149.143  000.386  000.124: require('telescope._extensions.file_browser.make_entry')
149.182  000.543  000.157: require('telescope._extensions.file_browser.finders')
149.303  000.120  000.120: require('telescope._extensions.file_browser.picker')
149.419  000.115  000.115: require('telescope._extensions.file_browser.config')
149.421  001.216  000.145: require('telescope._extensions.file_browser')
150.034  000.405  000.405: require('fzf_lib')
150.036  000.513  000.108: require('telescope._extensions.fzf')
150.396  000.118  000.118: require('telescope.themes')
150.397  000.226  000.108: require('telescope._extensions.lazy.config')
151.199  000.458  000.458: require('telescope.builtin.__lsp')
151.210  000.594  000.137: require('telescope.builtin')
151.212  000.706  000.111: require('telescope._extensions.lazy.actions')
151.429  000.109  000.109: require('telescope._extensions.lazy.utils')
151.430  000.217  000.108: require('telescope._extensions.lazy.plugins')
157.974  007.576  006.653: require('telescope._extensions.lazy.picker')
157.975  007.921  000.119: require('telescope._extensions.lazy')
158.111  000.118  000.118: require('telescope._extensions.luasnip')
158.309  000.091  000.091: require('telescope-undo.actions')
158.311  000.198  000.107: require('telescope._extensions.undo')
158.405  000.089  000.089: require('femaco')
158.587  000.086  000.086: require('femaco.utils')
158.588  000.177  000.091: require('femaco.config')
159.861  000.156  000.156: sourcing /Users/IPringle/.cache/nvim/lazy/nvim-lspconfig/plugin/lspconfig.lua
168.568  001.558  001.558: require('cmp.utils.api')
168.760  000.094  000.094: require('cmp.types.cmp')
168.954  000.095  000.095: require('cmp.utils.misc')
168.964  000.203  000.108: require('cmp.types.lsp')
169.055  000.090  000.090: require('cmp.types.vim')
169.056  000.486  000.099: require('cmp.types')
169.148  000.091  000.091: require('cmp.utils.highlight')
169.329  000.089  000.089: require('cmp.utils.debug')
169.333  000.184  000.095: require('cmp.utils.autocmd')
169.513  002.592  000.273: sourcing /Users/IPringle/.cache/nvim/lazy/nvim-cmp/plugin/cmp.lua
169.744  000.020  000.020: sourcing /Users/IPringle/.cache/nvim/lazy/lsp-zero.nvim/plugin/lsp-zero.vim
171.516  000.488  000.488: require('vim.filetype')
172.929  000.097  000.097: require('luasnip.util.types')
173.052  000.122  000.122: require('luasnip.util.ext_opts')
173.367  000.099  000.099: require('luasnip.session')
173.373  000.218  000.119: require('luasnip.util.util')
173.374  000.321  000.103: require('luasnip.extras.filetype_functions')
173.453  001.791  001.251: require('luasnip.config')
173.679  000.099  000.099: require('luasnip.session.snippet_collection')
174.040  000.267  000.267: require('luasnip.util._builtin_vars')
174.112  000.432  000.165: require('luasnip.util.environ')
174.211  000.098  000.098: require('luasnip.util.extend_decorator')
174.398  000.090  000.090: require('luasnip.loaders._caches')
174.507  000.108  000.108: require('luasnip.util.path')
174.512  000.301  000.103: require('luasnip.loaders')
174.673  000.158  000.158: require('luasnip.util.log')
174.683  001.226  000.139: require('luasnip')
174.702  003.762  000.255: sourcing /Users/IPringle/.cache/nvim/lazy/LuaSnip/plugin/luasnip.lua
174.835  000.021  000.021: sourcing /Users/IPringle/.cache/nvim/lazy/LuaSnip/plugin/luasnip.vim
176.798  000.757  000.757: require('neodev')
176.898  000.099  000.099: require('neodev.config')
177.106  000.094  000.094: require('neodev.util')
177.108  000.190  000.097: require('neodev.lsp')
177.406  000.297  000.297: require('lspconfig.util')
179.618  000.089  000.089: sourcing /Users/IPringle/.cache/nvim/lazy/lspsaga.nvim/plugin/lspsaga.lua
181.024  000.104  000.104: sourcing /Users/IPringle/.cache/nvim/lazy/nvim-dap/plugin/dap.lua
181.165  000.106  000.106: require('comfy.modules.lsp.zero')
181.375  000.095  000.095: require('lsp-zero.presets')
181.598  000.091  000.091: require('lsp-zero.settings')
181.600  000.224  000.133: require('lsp-zero.server')
181.606  000.440  000.120: require('lsp-zero')
181.740  000.099  000.099: require('comfy.modules.lsp.lua')
182.759  000.228  000.228: require('lsp-zero.installer')
183.054  000.111  000.111: require('mason-core.path')
183.310  000.144  000.144: require('mason-core.functional')
183.525  000.101  000.101: require('mason-core.functional.data')
183.529  000.209  000.108: require('mason-core.functional.function')
183.634  000.098  000.098: require('mason-core.functional.relation')
183.755  000.116  000.116: require('mason-core.functional.logic')
183.766  000.711  000.144: require('mason-core.platform')
183.876  000.109  000.109: require('mason.settings')
183.877  001.113  000.182: require('mason')
184.113  000.130  000.130: require('mason-core.log')
184.115  000.236  000.106: require('mason-lspconfig')
184.917  000.153  000.153: require('cmp.utils.char')
184.922  000.285  000.131: require('cmp.utils.str')
185.017  000.095  000.095: require('cmp.utils.pattern')
185.326  000.099  000.099: require('cmp.utils.buffer')
185.329  000.211  000.112: require('cmp.utils.keymap')
185.331  000.313  000.102: require('cmp.utils.feedkeys')
185.436  000.104  000.104: require('cmp.utils.async')
185.639  000.102  000.102: require('cmp.utils.cache')
185.641  000.204  000.102: require('cmp.context')
185.988  000.118  000.118: require('cmp.config.mapping')
186.220  000.131  000.131: require('cmp.config.compare')
186.221  000.231  000.101: require('cmp.config.default')
186.229  000.473  000.124: require('cmp.config')
186.480  000.129  000.129: require('cmp.matcher')
186.486  000.257  000.128: require('cmp.entry')
186.491  000.849  000.119: require('cmp.source')
186.705  000.105  000.105: require('cmp.utils.event')
187.021  000.103  000.103: require('cmp.utils.options')
187.024  000.218  000.114: require('cmp.utils.window')
187.026  000.320  000.102: require('cmp.view.docs_view')
187.161  000.134  000.134: require('cmp.view.custom_entries_view')
187.298  000.136  000.136: require('cmp.view.wildmenu_entries_view')
187.420  000.121  000.121: require('cmp.view.native_entries_view')
187.526  000.104  000.104: require('cmp.view.ghost_text_view')
187.531  001.040  000.119: require('cmp.view')
187.612  003.114  000.226: require('cmp.core')
187.764  000.095  000.095: require('cmp.config.sources')
187.863  000.098  000.098: require('cmp.config.window')
187.887  003.517  000.209: require('cmp')
187.888  003.622  000.105: require('cmp_nvim_lua')
187.998  000.107  000.107: require('comfy.modules.lsp.cmp')
188.515  000.115  000.115: require('luasnip.loaders.util')
189.116  000.141  000.141: require('luasnip.nodes.util')
189.211  000.094  000.094: require('luasnip.util.events')
189.217  000.370  000.135: require('luasnip.nodes.node')
189.410  000.192  000.192: require('luasnip.nodes.insertNode')
189.535  000.124  000.124: require('luasnip.nodes.textNode')
189.647  000.110  000.110: require('luasnip.util.mark')
189.755  000.107  000.107: require('luasnip.util.pattern_tokenizer')
189.851  000.095  000.095: require('luasnip.util.dict')
189.869  001.156  000.158: require('luasnip.nodes.snippet')
190.211  000.120  000.120: require('luasnip.util.parser.neovim_ast')
190.317  000.104  000.104: require('luasnip.util.str')
190.613  000.102  000.102: require('luasnip.util.directed_graph')
190.616  000.637  000.311: require('luasnip.util.parser.ast_utils')
190.732  000.115  000.115: require('luasnip.nodes.functionNode')
190.864  000.130  000.130: require('luasnip.nodes.choiceNode')
191.009  000.144  000.144: require('luasnip.nodes.dynamicNode')
191.107  000.097  000.097: require('luasnip.util.functions')
191.110  001.240  000.116: require('luasnip.util.parser.ast_parser')
191.261  000.150  000.150: require('luasnip.util.parser.neovim_parser')
191.265  002.651  000.105: require('luasnip.util.parser')
191.267  002.752  000.100: require('luasnip.nodes.snippetProxy')
191.444  000.161  000.161: require('luasnip.util.jsonc')
191.447  003.159  000.132: require('luasnip.loaders.from_vscode')
197.787  009.784  006.625: require('lsp-zero.snippets')
198.061  000.260  000.260: require('lsp-zero.nvim-cmp-setup')
208.907  000.114  000.114: require('mason-core.functional.list')
209.028  000.118  000.118: require('mason-core.functional.string')
209.044  000.402  000.170: require('mason.api.command')
209.150  000.103  000.103: require('mason-registry.sources')
209.486  000.096  000.096: require('mason-lspconfig.settings')
209.601  000.115  000.115: require('mason-lspconfig.lspconfig_hook')
209.848  000.102  000.102: require('mason-core.functional.table')
209.874  000.272  000.170: require('mason-lspconfig.mappings.server')
210.148  000.121  000.121: require('mason-core.EventEmitter')
210.253  000.104  000.104: require('mason-core.optional')
210.477  000.117  000.117: require('mason-core.async')
210.601  000.122  000.122: require('mason-core.async.uv')
210.604  000.350  000.111: require('mason-core.fs')
210.614  000.739  000.163: require('mason-registry')
210.733  000.117  000.117: require('mason-lspconfig.server_config_extensions')
210.872  000.139  000.139: require('lspconfig.configs')
211.002  000.128  000.128: require('lspconfig.server_configurations.omnisharp')
211.321  000.106  000.106: require('mason-core.notify')
211.424  000.101  000.101: require('mason-core.functional.number')
211.435  000.325  000.117: require('mason-lspconfig.api.command')
211.624  000.093  000.093: require('lsp-zero.utils')
211.627  000.191  000.098: require('lsp-zero.state')
212.068  000.099  000.099: require('cmp_nvim_lsp.source')
212.070  000.205  000.106: require('cmp_nvim_lsp')
212.419  000.115  000.115: require('lspconfig')
212.519  000.099  000.099: require('lspconfig.server_configurations.html')
213.159  000.100  000.100: require('lspconfig.server_configurations.lua_ls')
213.571  000.095  000.095: require('lspconfig.server_configurations.emmet_ls')
213.909  000.103  000.103: require('lspconfig.server_configurations.jsonls')
214.218  000.094  000.094: require('lspconfig.server_configurations.pylsp')
214.607  000.098  000.098: require('mason-core.result')
214.909  000.097  000.097: require('mason-core.receipt')
215.137  000.133  000.133: require('mason-core.process')
215.162  000.252  000.118: require('mason-core.spawn')
215.172  000.462  000.113: require('mason-core.installer.context')
215.269  000.095  000.095: require('mason-core.async.control')
215.365  000.096  000.096: require('mason-core.installer.linker')
215.368  000.760  000.107: require('mason-core.installer')
215.463  000.094  000.094: require('mason-core.providers')
215.475  001.083  000.131: require('mason-core.managers.pip3')
215.477  001.200  000.117: require('mason-lspconfig.server_configurations.pylsp')
215.691  000.099  000.099: require('lspconfig.server_configurations.cssls')
216.217  000.100  000.100: require('comfy.modules.lsp.typescript')
216.418  000.093  000.093: require('typescript.config')
216.926  000.089  000.089: require('typescript.types.methods')
217.017  000.089  000.089: require('typescript.utils')
217.018  000.291  000.113: require('typescript.execute-command')
217.107  000.088  000.088: require('typescript.types.workspace-commands')
217.108  000.496  000.117: require('typescript.go-to-source-definition')
217.208  000.099  000.099: require('typescript.rename-file')
217.300  000.091  000.091: require('typescript.source-actions')
217.302  000.790  000.103: require('typescript.commands')
217.391  000.088  000.088: require('typescript.handlers')
217.486  000.094  000.094: require('lspconfig.server_configurations.tsserver')
217.519  001.101  000.129: require('typescript.lsp')
217.521  001.302  000.109: require('typescript')
217.794  000.093  000.093: require('comfy.modules.lsp.null-ls')
218.175  000.104  000.104: require('null-ls.utils')
218.212  000.234  000.131: require('null-ls.config')
218.214  000.326  000.092: require('null-ls.logger')
218.216  000.420  000.094: require('null-ls.builtins')
218.521  000.094  000.094: require('null-ls.helpers.cache')
218.623  000.101  000.101: require('null-ls.helpers.diagnostics')
218.719  000.095  000.095: require('null-ls.helpers.formatter_factory')
218.922  000.098  000.098: require('null-ls.state')
218.924  000.204  000.106: require('null-ls.helpers.generator_factory')
219.108  000.090  000.090: require('null-ls.helpers.command_resolver')
219.109  000.184  000.094: require('null-ls.helpers.make_builtin')
219.200  000.090  000.090: require('null-ls.helpers.range_formatting_args_factory')
219.201  000.873  000.104: require('null-ls.helpers')
219.497  000.098  000.098: require('null-ls.methods')
219.499  000.201  000.103: require('null-ls.diagnostics')
219.503  000.301  000.100: require('null-ls.sources')
219.505  001.272  000.097: require('null-ls')
219.655  000.149  000.149: require('null-ls.builtins.code_actions.eslint')
219.771  000.115  000.115: require('null-ls.builtins.code_actions.cspell')
219.875  000.102  000.102: require('null-ls.builtins.code_actions.gitsigns')
219.984  000.108  000.108: require('null-ls.builtins.completion.luasnip')
220.085  000.100  000.100: require('null-ls.builtins.diagnostics.cspell')
220.231  000.118  000.118: require('null-ls.builtins.formatting.stylua')
220.337  000.104  000.104: require('null-ls.builtins.formatting.prettier')
220.603  000.112  000.112: require('null-ls.client')
220.724  000.109  000.109: require('mason-null-ls')
220.822  000.097  000.097: require('mason-null-ls.settings')
220.927  000.099  000.099: require('mason-null-ls.automatic_installation')
221.055  000.103  000.103: require('mason-null-ls.mappings.source')
221.177  000.119  000.119: require('mason-registry.sources.lua')
221.310  000.131  000.131: require('mason-registry.index')
221.635  000.121  000.121: require('mason-core.purl')
221.641  000.227  000.106: require('mason-core.package')
221.826  000.092  000.092: require('mason-core.managers.powershell')
221.828  000.186  000.094: require('mason-core.fetch')
222.119  000.095  000.095: require('mason-core.installer.registry.expr')
222.124  000.198  000.103: require('mason-core.installer.registry.link')
222.127  000.298  000.100: require('mason-core.installer.registry')
222.132  000.820  000.108: require('mason-registry.sources.github')
223.051  000.100  000.100: require('mason-core.functional.type')
224.617  000.112  000.112: require('mason-core.managers.npm')
224.622  000.221  000.109: require('mason-registry.index.prettier')
224.922  000.098  000.098: require('mason-core.managers.github.client')
225.030  000.106  000.106: require('mason-core.managers.std')
225.033  000.310  000.105: require('mason-core.managers.github')
225.037  000.411  000.101: require('mason-registry.index.stylua')
225.786  000.115  000.115: require('mason-null-ls.api.command')
225.881  000.094  000.094: require('comfy.modules.lsp.format')
226.008  000.094  000.094: require('comfy.modules.lsp.luasnip')
229.760  000.103  000.103: require('comfy.modules.lsp.lspsaga')
229.870  000.108  000.108: require('lspsaga')
229.990  000.099  000.099: require('lspsaga.highlight')
230.203  000.100  000.100: require('lspsaga.lspkind')
230.691  000.099  000.099: require('lspsaga.lightbulb')
230.909  000.109  000.109: require('lspsaga.libs')
230.912  000.211  000.102: require('lspsaga.symbolwinbar')
231.012  000.095  000.095: require('comfy.modules.lsp.trouble')
231.187  000.093  000.093: require('comfy.modules.lsp.dap')
231.280  000.093  000.093: require('mason-nvim-dap')
231.364  000.083  000.083: require('mason-nvim-dap.settings')
231.473  000.085  000.085: require('mason-nvim-dap.automatic_installation')
231.698  000.087  000.087: require('dap.utils')
231.708  000.233  000.146: require('dap')
231.810  000.099  000.099: require('mason-nvim-dap.api.command')
231.899  000.087  000.087: require('mason-nvim-dap.mappings.source')
232.049  000.083  000.083: require('mason-nvim-dap.automatic_setup')
232.516  000.094  000.094: require('mason-nvim-dap.internal.overrides.func_or_extend')
232.520  000.470  000.376: require('mason-nvim-dap.mappings.adapters')
232.622  000.095  000.095: require('mason-nvim-dap.mappings.filetypes')
232.859  000.236  000.236: require('mason-nvim-dap.mappings.configurations')
233.108  000.104  000.104: require('fidget.log')
233.113  000.225  000.121: require('fidget')
233.223  000.107  000.107: require('fidget.spinners')
233.540  000.010  000.010: sourcing /opt/homebrew/Cellar/neovim/0.8.3/share/nvim/runtime/plugin/health.vim
233.770  000.091  000.091: sourcing /opt/homebrew/Cellar/neovim/0.8.3/share/nvim/runtime/plugin/man.lua
238.232  000.095  000.095: sourcing /opt/homebrew/Cellar/neovim/0.8.3/share/nvim/runtime/pack/dist/opt/matchit/plugin/matchit.vim
238.333  004.427  004.332: sourcing /opt/homebrew/Cellar/neovim/0.8.3/share/nvim/runtime/plugin/matchit.vim
238.555  000.084  000.084: sourcing /opt/homebrew/Cellar/neovim/0.8.3/share/nvim/runtime/plugin/matchparen.vim
238.695  000.008  000.008: sourcing /opt/homebrew/Cellar/neovim/0.8.3/share/nvim/runtime/plugin/rplugin.vim
238.869  000.038  000.038: sourcing /opt/homebrew/Cellar/neovim/0.8.3/share/nvim/runtime/plugin/shada.vim
239.025  000.014  000.014: sourcing /opt/homebrew/Cellar/neovim/0.8.3/share/nvim/runtime/plugin/spellfile.vim
239.459  000.106  000.106: require('cmp_look')
239.471  000.201  000.095: sourcing /Users/IPringle/.cache/nvim/lazy/cmp-look/after/plugin/cmp_look.lua
239.833  000.106  000.106: require('cmp-spell')
239.839  000.198  000.092: sourcing /Users/IPringle/.cache/nvim/lazy/cmp-spell/after/plugin/cmp-spell.lua
240.230  000.128  000.128: require('cmp_calc')
240.254  000.234  000.106: sourcing /Users/IPringle/.cache/nvim/lazy/cmp-calc/after/plugin/cmp_calc.lua
240.623  000.101  000.101: require('cmp_nvim_lsp_document_symbol')
240.632  000.192  000.091: sourcing /Users/IPringle/.cache/nvim/lazy/cmp-nvim-lsp-document-symbol/after/plugin/cmp_nvim_lsp_document_symbol.lua
241.000  000.119  000.119: require('cmp_cmdline')
241.005  000.204  000.085: sourcing /Users/IPringle/.cache/nvim/lazy/cmp-cmdline/after/plugin/cmp_cmdline.lua
241.351  000.093  000.093: require('cmp_emoji')
241.356  000.180  000.087: sourcing /Users/IPringle/.cache/nvim/lazy/cmp-emoji/after/plugin/cmp_emoji.lua
241.720  000.103  000.103: require('cmp_nvim_lsp_signature_help')
241.727  000.193  000.089: sourcing /Users/IPringle/.cache/nvim/lazy/cmp-nvim-lsp-signature-help/after/plugin/cmp_nvim_lsp_signature_help.lua
241.994  000.097  000.097: sourcing /Users/IPringle/.cache/nvim/lazy/cmp-nvim-lua/after/plugin/cmp_nvim_lua.lua
242.385  000.104  000.104: require('cmp_luasnip')
242.398  000.232  000.129: sourcing /Users/IPringle/.cache/nvim/lazy/cmp_luasnip/after/plugin/cmp_luasnip.lua
242.782  000.107  000.107: require('cmp_path')
242.787  000.204  000.096: sourcing /Users/IPringle/.cache/nvim/lazy/cmp-path/after/plugin/cmp_path.lua
243.517  000.107  000.107: require('cmp_buffer.timer')
243.519  000.250  000.143: require('cmp_buffer.buffer')
243.521  000.372  000.123: require('cmp_buffer.source')
243.522  000.476  000.103: require('cmp_buffer')
243.531  000.573  000.097: sourcing /Users/IPringle/.cache/nvim/lazy/cmp-buffer/after/plugin/cmp_buffer.lua
243.798  000.093  000.093: sourcing /Users/IPringle/.cache/nvim/lazy/cmp-nvim-lsp/after/plugin/cmp_nvim_lsp.lua
243.843  232.501  095.627: sourcing /Users/IPringle/.config/nvim/init.lua
243.854  001.841: sourcing vimrc file(s)
244.931  000.092  000.092: sourcing /opt/homebrew/Cellar/neovim/0.8.3/share/nvim/runtime/filetype.lua
245.077  000.010  000.010: sourcing /opt/homebrew/Cellar/neovim/0.8.3/share/nvim/runtime/filetype.vim
245.675  000.045  000.045: sourcing /opt/homebrew/Cellar/neovim/0.8.3/share/nvim/runtime/syntax/synload.vim
245.757  000.441  000.397: sourcing /opt/homebrew/Cellar/neovim/0.8.3/share/nvim/runtime/syntax/syntax.vim
245.771  001.373: inits 3
247.934  002.163: reading ShaDa
248.291  000.136  000.136: require('luasnip.loaders.from_lua')
248.432  000.130  000.130: require('luasnip.loaders.from_snipmate')
248.485  000.285: opening buffers
248.618  000.104  000.104: require('bufferline.state')
248.900  000.311: BufEnter autocommands
248.901  000.001: editing files in windows
249.249  000.157  000.157: require('dap.ui')
249.279  000.326  000.170: require('dap.repl')
249.408  000.117  000.117: require('mason-core.terminator')
265.830  000.190  000.190: require('vim.fs')
266.378  000.107  000.107: require('gitsigns.signs.base')
266.380  000.226  000.119: require('gitsigns.signs')
266.491  000.111  000.111: require('gitsigns.status')
266.630  000.137  000.137: require('gitsigns.util')
266.635  000.608  000.134: require('gitsigns.hunks')
266.914  000.139  000.139: require('gitsigns.subprocess')
266.933  000.298  000.158: require('gitsigns.git')
266.936  001.040  000.134: require('gitsigns.cache')
